{
  "stats": {
    "suites": 42,
    "tests": 104,
    "passes": 104,
    "pending": 0,
    "failures": 0,
    "testsRegistered": 104,
    "passPercent": 100,
    "pendingPercent": 0,
    "other": 0,
    "hasOther": false,
    "skipped": 0,
    "hasSkipped": false,
    "start": "2026-02-12T23:02:44.537Z",
    "end": "2026-02-12T23:22:51.552Z",
    "duration": 1207015
  },
  "results": [
    {
      "uuid": "51cfe92b-5dc0-4d74-aaf9-306edc1dd3c0",
      "title": "",
      "fullFile": "cypress\\e2e\\automation-test-store\\alias-invoke.js",
      "file": "cypress\\e2e\\automation-test-store\\alias-invoke.js",
      "beforeHooks": [],
      "afterHooks": [],
      "tests": [],
      "suites": [
        {
          "uuid": "e941089e-3d69-4a45-bd4a-7a93a6b9fb90",
          "title": "Alias and invoke",
          "fullFile": "",
          "file": "",
          "beforeHooks": [],
          "afterHooks": [],
          "tests": [
            {
              "title": "Validate a specific hair product",
              "fullTitle": "Alias and invoke Validate a specific hair product",
              "timedOut": null,
              "duration": 8304,
              "state": "passed",
              "speed": "medium",
              "pass": true,
              "fail": false,
              "pending": false,
              "context": null,
              "code": "cy.get(\"a[href*='product/category&path=']\").contains(\"Hair Care\").click();\n// Instead of using variables to interact with elements between tests or commands\n// We can use alias and invoke to achieve the same\n// The \".as\" is an aliasing command that allows us to store a reference to a value\n// The \"invoke\" command allows us to call a function on the previously yielded subject\n// So in this case we are calling the \"text\" function to get the text content of the element, and the element is stored as an alias called \"productThumbnail\"\ncy.get(\".fixed_wrapper .prdocutname\").eq(0).invoke('text').as(\"productThumbnail\");\ncy.get(\"@productThumbnail\").its(\"length\").should(\"be.gt\", 5);\ncy.get(\"@productThumbnail\").should(\"contain\", \"Seaweed Conditioner\");",
              "err": {},
              "uuid": "dcd0c982-9318-4ea8-becc-a4b3b27b1187",
              "parentUUID": "e941089e-3d69-4a45-bd4a-7a93a6b9fb90",
              "isHook": false,
              "skipped": false
            },
            {
              "title": "Validate product thumbnail",
              "fullTitle": "Alias and invoke Validate product thumbnail",
              "timedOut": null,
              "duration": 4038,
              "state": "passed",
              "speed": "fast",
              "pass": true,
              "fail": false,
              "pending": false,
              "context": null,
              "code": "cy.get(\".thumbnail\").as(\"productThumbnail\");\ncy.get(\"@productThumbnail\").should(\"have.length\", 16);\ncy.get(\"@productThumbnail\").find(\".productcart\").invoke(\"attr\", \"title\").should(\"include\", \"Add to Cart\");",
              "err": {},
              "uuid": "25544f56-307f-4bed-98e1-43c1e66886e5",
              "parentUUID": "e941089e-3d69-4a45-bd4a-7a93a6b9fb90",
              "isHook": false,
              "skipped": false
            },
            {
              "title": "Calculate total of sale and normal products",
              "fullTitle": "Alias and invoke Calculate total of sale and normal products",
              "timedOut": null,
              "duration": 2724,
              "state": "passed",
              "speed": "fast",
              "pass": true,
              "fail": false,
              "pending": false,
              "context": null,
              "code": "cy.get(\".thumbnail\").as(\"productThumbnail\");\ncy.get(\".thumbnail\").find(\".oneprice\").invoke(\"text\").as(\"itemPrice\");\ncy.get(\".thumbnail\").find(\".pricenew\").invoke(\"text\").as(\"saleItemPrice\");\nvar itemsTotal = 0;\ncy.get(\"@itemPrice\").then($linkText => {\n  // Splitting the text based on $ sign to get individual prices and not the full text\n  let itemsTotalPrice = 0;\n  let itemPrice = $linkText.split(\"$\");\n  let i;\n  for (i = 0; i < itemPrice.length; i++) {\n    cy.log(itemPrice[i]);\n    itemsTotalPrice += Number(itemPrice[i]);\n  }\n  itemsTotal += itemsTotalPrice;\n  cy.log(\"Non sale items:  \" + itemsTotalPrice);\n});\ncy.get(\"@saleItemPrice\").then($linkText => {\n  // Splitting the text based on $ sign to get individual prices and not the full text\n  let salesTotalPrice = 0;\n  let salePrice = $linkText.split(\"$\");\n  let i;\n  for (i = 0; i < salePrice.length; i++) {\n    cy.log(salePrice[i]);\n    salesTotalPrice += Number(salePrice[i]);\n  }\n  itemsTotal += salesTotalPrice;\n  cy.log(\"Sale items total: \" + salesTotalPrice);\n}).then(() => {\n  cy.log(\"Total of all items: \" + itemsTotal);\n  expect(itemsTotal).to.equal(673);\n});",
              "err": {},
              "uuid": "f81c490a-aedb-4770-b26f-f8f96f6eccc5",
              "parentUUID": "e941089e-3d69-4a45-bd4a-7a93a6b9fb90",
              "isHook": false,
              "skipped": false
            }
          ],
          "suites": [],
          "passes": [
            "dcd0c982-9318-4ea8-becc-a4b3b27b1187",
            "25544f56-307f-4bed-98e1-43c1e66886e5",
            "f81c490a-aedb-4770-b26f-f8f96f6eccc5"
          ],
          "failures": [],
          "pending": [],
          "skipped": [],
          "duration": 15066,
          "root": false,
          "rootEmpty": false,
          "_timeout": 2000
        }
      ],
      "passes": [],
      "failures": [],
      "pending": [],
      "skipped": [],
      "duration": 0,
      "root": true,
      "rootEmpty": true,
      "_timeout": 2000
    },
    {
      "uuid": "b8057cce-cb03-43a2-baab-4d335993705f",
      "title": "",
      "fullFile": "cypress\\e2e\\automation-test-store\\contact-us.js",
      "file": "cypress\\e2e\\automation-test-store\\contact-us.js",
      "beforeHooks": [],
      "afterHooks": [],
      "tests": [],
      "suites": [
        {
          "uuid": "0176610f-8fb8-4c8b-96fd-b9d468f28ac6",
          "title": "test contact us form via Automation Test Store",
          "fullFile": "",
          "file": "",
          "beforeHooks": [],
          "afterHooks": [],
          "tests": [
            {
              "title": "should be able to submit a successful submission via contact us form",
              "fullTitle": "test contact us form via Automation Test Store should be able to submit a successful submission via contact us form",
              "timedOut": null,
              "duration": 9924,
              "state": "passed",
              "speed": "medium",
              "pass": true,
              "fail": false,
              "pending": false,
              "context": null,
              "code": "cy.visit(\"https://automationteststore.com/\");\ncy.get(\"a[href$='contact']\").click();\n// The same thing was make above using xpath\n// cy.xpath(\"//a[contains(@href, 'contact')]\").click();\ncy.get(\"@user\").then(user => {\n  cy.get(\"#ContactUsFrm_first_name\").type(user.first_name);\n  cy.get(\"#ContactUsFrm_email\").type(user.email);\n});\ncy.get(\"#ContactUsFrm_email\").should(\"have.attr\", \"name\", \"email\");\ncy.get(\"#ContactUsFrm_enquiry\").type(\"Hello, this is a test message for the contact us form.\");\ncy.get(\"button[title=Submit]\").click();\ncy.get(\".mb40 > :nth-child(3)\").should(\"have.text\", \"Your enquiry has been successfully sent to the store owner!\");",
              "err": {},
              "uuid": "8ed81e3e-32b6-41b8-b1d2-b7ad9b051731",
              "parentUUID": "0176610f-8fb8-4c8b-96fd-b9d468f28ac6",
              "isHook": false,
              "skipped": false
            }
          ],
          "suites": [],
          "passes": [
            "8ed81e3e-32b6-41b8-b1d2-b7ad9b051731"
          ],
          "failures": [],
          "pending": [],
          "skipped": [],
          "duration": 9924,
          "root": false,
          "rootEmpty": false,
          "_timeout": 2000
        }
      ],
      "passes": [],
      "failures": [],
      "pending": [],
      "skipped": [],
      "duration": 0,
      "root": true,
      "rootEmpty": true,
      "_timeout": 2000
    },
    {
      "uuid": "42491288-af35-4127-92c8-b6382e050602",
      "title": "",
      "fullFile": "cypress\\e2e\\automation-test-store\\inspect-item.js",
      "file": "cypress\\e2e\\automation-test-store\\inspect-item.js",
      "beforeHooks": [],
      "afterHooks": [],
      "tests": [],
      "suites": [
        {
          "uuid": "41db9fb5-42be-4cae-bceb-adbb47b805a7",
          "title": "Inspect Automation Test Store items using chain of commands",
          "fullFile": "",
          "file": "",
          "beforeHooks": [],
          "afterHooks": [],
          "tests": [
            {
              "title": "Click on the first item using the item header",
              "fullTitle": "Inspect Automation Test Store items using chain of commands Click on the first item using the item header",
              "timedOut": null,
              "duration": 8933,
              "state": "passed",
              "speed": "medium",
              "pass": true,
              "fail": false,
              "pending": false,
              "context": null,
              "code": "cy.visit(\"https://www.automationteststore.com/\");\ncy.get(\"#block_frame_featured_1769 > .thumbnails > :nth-child(1) > .fixed_wrapper > .fixed > .prdocutname\").click();",
              "err": {},
              "uuid": "4d9daa9a-b5f3-4383-8b1d-90f3237ca00f",
              "parentUUID": "41db9fb5-42be-4cae-bceb-adbb47b805a7",
              "isHook": false,
              "skipped": false
            },
            {
              "title": "Click on the first item using item text",
              "fullTitle": "Inspect Automation Test Store items using chain of commands Click on the first item using item text",
              "timedOut": null,
              "duration": 7395,
              "state": "passed",
              "speed": "medium",
              "pass": true,
              "fail": false,
              "pending": false,
              "context": null,
              "code": "cy.visit(\"https://www.automationteststore.com/\");\ncy.get(\".prdocutname\").contains(\"Skinsheen Bronzer Stick\").click().then(function (itemHeaderText) {\n  console.log(\"Selected the following item: \", itemHeaderText.text());\n});",
              "err": {},
              "uuid": "d503aec8-f8d9-4cfa-ac03-f0788c10ba99",
              "parentUUID": "41db9fb5-42be-4cae-bceb-adbb47b805a7",
              "isHook": false,
              "skipped": false
            },
            {
              "title": "Click on the first item using index",
              "fullTitle": "Inspect Automation Test Store items using chain of commands Click on the first item using index",
              "timedOut": null,
              "duration": 7245,
              "state": "passed",
              "speed": "medium",
              "pass": true,
              "fail": false,
              "pending": false,
              "context": null,
              "code": "cy.visit(\"https://www.automationteststore.com/\");\ncy.get(\".fixed_wrapper\").find(\".prdocutname\").eq(0).click();",
              "err": {},
              "uuid": "06c93510-34f0-43e2-93c7-4cdbcb6d25c3",
              "parentUUID": "41db9fb5-42be-4cae-bceb-adbb47b805a7",
              "isHook": false,
              "skipped": false
            }
          ],
          "suites": [],
          "passes": [
            "4d9daa9a-b5f3-4383-8b1d-90f3237ca00f",
            "d503aec8-f8d9-4cfa-ac03-f0788c10ba99",
            "06c93510-34f0-43e2-93c7-4cdbcb6d25c3"
          ],
          "failures": [],
          "pending": [],
          "skipped": [],
          "duration": 23573,
          "root": false,
          "rootEmpty": false,
          "_timeout": 2000
        }
      ],
      "passes": [],
      "failures": [],
      "pending": [],
      "skipped": [],
      "duration": 0,
      "root": true,
      "rootEmpty": true,
      "_timeout": 2000
    },
    {
      "uuid": "b46dbb65-648c-4270-9df7-30174f48b079",
      "title": "",
      "fullFile": "cypress\\e2e\\automation-test-store\\iterate-over-elements.js",
      "file": "cypress\\e2e\\automation-test-store\\iterate-over-elements.js",
      "beforeHooks": [],
      "afterHooks": [],
      "tests": [],
      "suites": [
        {
          "uuid": "3194320e-8fb3-42b6-ae35-a7d4db25e52a",
          "title": "Iterate over elements",
          "fullFile": "",
          "file": "",
          "beforeHooks": [],
          "afterHooks": [],
          "tests": [
            {
              "title": "Log information of all hair care products",
              "fullTitle": "Iterate over elements Log information of all hair care products",
              "timedOut": null,
              "duration": 6956,
              "state": "passed",
              "speed": "medium",
              "pass": true,
              "fail": false,
              "pending": false,
              "context": null,
              "code": "cy.get(\".fixed_wrapper .prdocutname\").each(($el, index, $list) => {\n  cy.log(\"Product \" + index + \": \" + $el.text());\n});",
              "err": {},
              "uuid": "d0c0fe5b-df23-474c-bced-4c741806f731",
              "parentUUID": "3194320e-8fb3-42b6-ae35-a7d4db25e52a",
              "isHook": false,
              "skipped": false
            },
            {
              "title": "Add specific product to basket",
              "fullTitle": "Iterate over elements Add specific product to basket",
              "timedOut": null,
              "duration": 4234,
              "state": "passed",
              "speed": "fast",
              "pass": true,
              "fail": false,
              "pending": false,
              "context": null,
              "code": "cy.selectProduct(\"Curls to straight Shampoo\");",
              "err": {},
              "uuid": "6b40dd38-5f93-465f-999c-5d93326091ef",
              "parentUUID": "3194320e-8fb3-42b6-ae35-a7d4db25e52a",
              "isHook": false,
              "skipped": false
            },
            {
              "title": "Add another specific product to basket",
              "fullTitle": "Iterate over elements Add another specific product to basket",
              "timedOut": null,
              "duration": 4201,
              "state": "passed",
              "speed": "fast",
              "pass": true,
              "fail": false,
              "pending": false,
              "context": null,
              "code": "cy.selectProduct(\"Eau Parfumee au The Vert Shampoo\");",
              "err": {},
              "uuid": "9d87432e-608e-4719-81c0-6c29dc37589d",
              "parentUUID": "3194320e-8fb3-42b6-ae35-a7d4db25e52a",
              "isHook": false,
              "skipped": false
            }
          ],
          "suites": [],
          "passes": [
            "d0c0fe5b-df23-474c-bced-4c741806f731",
            "6b40dd38-5f93-465f-999c-5d93326091ef",
            "9d87432e-608e-4719-81c0-6c29dc37589d"
          ],
          "failures": [],
          "pending": [],
          "skipped": [],
          "duration": 15391,
          "root": false,
          "rootEmpty": false,
          "_timeout": 2000
        }
      ],
      "passes": [],
      "failures": [],
      "pending": [],
      "skipped": [],
      "duration": 0,
      "root": true,
      "rootEmpty": true,
      "_timeout": 2000
    },
    {
      "uuid": "dd9b3afb-19be-43ec-bbd0-6592ac239670",
      "title": "",
      "fullFile": "cypress\\e2e\\automation-test-store\\variables-and-cy-commands.js",
      "file": "cypress\\e2e\\automation-test-store\\variables-and-cy-commands.js",
      "beforeHooks": [],
      "afterHooks": [],
      "tests": [],
      "suites": [
        {
          "uuid": "746441f5-d23e-45c6-8309-d9533781d025",
          "title": "Verifying variables, cypress commands and jquery commands",
          "fullFile": "",
          "file": "",
          "beforeHooks": [],
          "afterHooks": [],
          "tests": [
            {
              "title": "Validate properties from contact us page",
              "fullTitle": "Verifying variables, cypress commands and jquery commands Validate properties from contact us page",
              "timedOut": null,
              "duration": 3378,
              "state": "passed",
              "speed": "fast",
              "pass": true,
              "fail": false,
              "pending": false,
              "context": null,
              "code": "cy.visit(\"https://automationteststore.com/index.php?rt=content/contact\");\n// Cypress commands and chaining\ncy.contains(\"#ContactUsFrm\", \"Contact Us Form\").find(\"#field_11\").should(\"contain\", \"First name\");\n// jQuery approach\ncy.contains(\"#ContactUsFrm\", \"Contact Us Form\").then(formText => {\n  const firstNameText = formText.find(\"#field_11\").text();\n  expect(firstNameText).to.contain(\"First name\");\n  // Embedded command\n  cy.get(\"#field_11\").then(fnText => {\n    cy.log(fnText.text());\n    cy.log(fnText);\n  });\n});",
              "err": {},
              "uuid": "ea1d7808-73fb-42ca-998a-f89297392a47",
              "parentUUID": "746441f5-d23e-45c6-8309-d9533781d025",
              "isHook": false,
              "skipped": false
            }
          ],
          "suites": [],
          "passes": [
            "ea1d7808-73fb-42ca-998a-f89297392a47"
          ],
          "failures": [],
          "pending": [],
          "skipped": [],
          "duration": 3378,
          "root": false,
          "rootEmpty": false,
          "_timeout": 2000
        }
      ],
      "passes": [],
      "failures": [],
      "pending": [],
      "skipped": [],
      "duration": 0,
      "root": true,
      "rootEmpty": true,
      "_timeout": 2000
    },
    {
      "uuid": "50d26b90-4846-4ebd-ae69-4756c939cd2d",
      "title": "",
      "fullFile": "cypress\\e2e\\other\\hooks.js",
      "file": "cypress\\e2e\\other\\hooks.js",
      "beforeHooks": [],
      "afterHooks": [],
      "tests": [],
      "suites": [
        {
          "uuid": "cf979018-993a-4cda-a02f-359460ac773a",
          "title": "Hooks",
          "fullFile": "",
          "file": "",
          "beforeHooks": [],
          "afterHooks": [],
          "tests": [
            {
              "title": "Example test1",
              "fullTitle": "Hooks Example test1",
              "timedOut": null,
              "duration": 68,
              "state": "passed",
              "speed": "fast",
              "pass": true,
              "fail": false,
              "pending": false,
              "context": null,
              "code": "cy.log(\"Example test1!\");",
              "err": {},
              "uuid": "99ae8ef3-bf51-477d-a00b-8273c235e331",
              "parentUUID": "cf979018-993a-4cda-a02f-359460ac773a",
              "isHook": false,
              "skipped": false
            },
            {
              "title": "Example test2",
              "fullTitle": "Hooks Example test2",
              "timedOut": null,
              "duration": 21,
              "state": "passed",
              "speed": "fast",
              "pass": true,
              "fail": false,
              "pending": false,
              "context": null,
              "code": "cy.log(\"Example test2!\");",
              "err": {},
              "uuid": "c0ac8759-98e8-4fa6-bef5-635023f7b3c0",
              "parentUUID": "cf979018-993a-4cda-a02f-359460ac773a",
              "isHook": false,
              "skipped": false
            }
          ],
          "suites": [],
          "passes": [
            "99ae8ef3-bf51-477d-a00b-8273c235e331",
            "c0ac8759-98e8-4fa6-bef5-635023f7b3c0"
          ],
          "failures": [],
          "pending": [],
          "skipped": [],
          "duration": 89,
          "root": false,
          "rootEmpty": false,
          "_timeout": 2000
        }
      ],
      "passes": [],
      "failures": [],
      "pending": [],
      "skipped": [],
      "duration": 0,
      "root": true,
      "rootEmpty": true,
      "_timeout": 2000
    },
    {
      "uuid": "2d5cadf8-31e8-40bb-8822-3215794c6d9b",
      "title": "",
      "fullFile": "cypress\\e2e\\other\\same-origin-policy.js",
      "file": "cypress\\e2e\\other\\same-origin-policy.js",
      "beforeHooks": [],
      "afterHooks": [],
      "tests": [],
      "suites": [
        {
          "uuid": "a16bccb9-17c2-4475-958e-4f47fb6a465e",
          "title": "Cypress web security",
          "fullFile": "",
          "file": "",
          "beforeHooks": [],
          "afterHooks": [],
          "tests": [
            {
              "title": "Validating visiting two different domains",
              "fullTitle": "Cypress web security Validating visiting two different domains",
              "timedOut": null,
              "duration": 9504,
              "state": "passed",
              "speed": "medium",
              "pass": true,
              "fail": false,
              "pending": false,
              "context": null,
              "code": "cy.visit(\"http://www.webdriveruniversity.com/\");\ncy.origin(\"https://automationteststore.com/\", () => {\n  cy.visit(\"/\");\n});",
              "err": {},
              "uuid": "777aabf5-df68-4234-9ab9-43692507096a",
              "parentUUID": "a16bccb9-17c2-4475-958e-4f47fb6a465e",
              "isHook": false,
              "skipped": false
            },
            {
              "title": "Validating visiting two different domains via user actions",
              "fullTitle": "Cypress web security Validating visiting two different domains via user actions",
              "timedOut": null,
              "duration": 2566,
              "state": "passed",
              "speed": "fast",
              "pass": true,
              "fail": false,
              "pending": false,
              "context": null,
              "code": "cy.visit(\"http://www.webdriveruniversity.com/\");\n// This method works beacuse we are removing the target attribute which forces the link to open in the same tab\n// And we remove the google security policy so its not triggered\ncy.get(\"#automation-test-store\").invoke(\"removeAttr\", \"target\").click({\n  force: true\n});",
              "err": {},
              "uuid": "af028cf1-5ce4-44b3-9c0d-05d2295f17f3",
              "parentUUID": "a16bccb9-17c2-4475-958e-4f47fb6a465e",
              "isHook": false,
              "skipped": false
            }
          ],
          "suites": [],
          "passes": [
            "777aabf5-df68-4234-9ab9-43692507096a",
            "af028cf1-5ce4-44b3-9c0d-05d2295f17f3"
          ],
          "failures": [],
          "pending": [],
          "skipped": [],
          "duration": 12070,
          "root": false,
          "rootEmpty": false,
          "_timeout": 2000
        }
      ],
      "passes": [],
      "failures": [],
      "pending": [],
      "skipped": [],
      "duration": 0,
      "root": true,
      "rootEmpty": true,
      "_timeout": 2000
    },
    {
      "uuid": "29f0c0f7-10ea-4847-84d1-68048abe396c",
      "title": "",
      "fullFile": "cypress\\e2e\\webdriver-uni\\autocomplete-dropdown-list.js",
      "file": "cypress\\e2e\\webdriver-uni\\autocomplete-dropdown-list.js",
      "beforeHooks": [],
      "afterHooks": [],
      "tests": [],
      "suites": [
        {
          "uuid": "7d50d752-0016-4989-834c-13ca2786a0f6",
          "title": "Interact with autocomplete dropdown lists",
          "fullFile": "",
          "file": "",
          "beforeHooks": [],
          "afterHooks": [],
          "tests": [
            {
              "title": "Select specific product via autocomplete list",
              "fullTitle": "Interact with autocomplete dropdown lists Select specific product via autocomplete list",
              "timedOut": null,
              "duration": 4537,
              "state": "passed",
              "speed": "fast",
              "pass": true,
              "fail": false,
              "pending": false,
              "context": null,
              "code": "homePagePO.visitHomePage();\ncy.get(\"#autocomplete-textfield\").invoke(\"removeAttr\", \"target\").click({\n  force: true\n});\ncy.get('#myInput').as('myInput').type(\"A\");\ncy.get(\"#myInputautocomplete-list > *\").each(($el, index, $list) => {\n  const prod = $el.text();\n  const productToSelect = \"Avacado\";\n  if (prod === productToSelect) {\n    cy.wrap($el).click();\n    cy.get(\"#submit-button\").click();\n    cy.url().should(\"include\", \"Avacado\");\n  }\n}).then(() => {\n  cy.get(\"@myInput\").type(\"G\");\n  cy.get(\"#myInputautocomplete-list > *\").each(($el, index, $list) => {\n    const prod = $el.text();\n    const productToSelect = \"Grapes\";\n    if (prod === productToSelect) {\n      // The command \"trigger\" trigger an event in a DOM element, such as a click, or a mouseover, etc.\n      // In this case i'll not use this method just to show that we can use the \"wrap\" method to wrap a DOM element and then use the \"click\" method to click on it.\n      // $el.trigger(\"click\");\n      cy.wrap($el).click();\n      cy.get(\"#submit-button\").click();\n      cy.url().should(\"include\", \"Grapes\");\n    }\n  });\n});",
              "err": {},
              "uuid": "12263f72-f6c0-45ac-9660-24db59ce77e6",
              "parentUUID": "7d50d752-0016-4989-834c-13ca2786a0f6",
              "isHook": false,
              "skipped": false
            }
          ],
          "suites": [],
          "passes": [
            "12263f72-f6c0-45ac-9660-24db59ce77e6"
          ],
          "failures": [],
          "pending": [],
          "skipped": [],
          "duration": 4537,
          "root": false,
          "rootEmpty": false,
          "_timeout": 2000
        }
      ],
      "passes": [],
      "failures": [],
      "pending": [],
      "skipped": [],
      "duration": 0,
      "root": true,
      "rootEmpty": true,
      "_timeout": 2000
    },
    {
      "uuid": "42f6642b-5293-47b6-b1fa-8908ea5cc2b7",
      "title": "",
      "fullFile": "cypress\\e2e\\webdriver-uni\\browser-navigation.js",
      "file": "cypress\\e2e\\webdriver-uni\\browser-navigation.js",
      "beforeHooks": [],
      "afterHooks": [],
      "tests": [],
      "suites": [
        {
          "uuid": "449f66f2-4db7-43c7-a5b1-cd21df7efd03",
          "title": "Validate webdrive homepage links",
          "fullFile": "",
          "file": "",
          "beforeHooks": [],
          "afterHooks": [],
          "tests": [
            {
              "title": "Confirm links redirect to correct pages",
              "fullTitle": "Validate webdrive homepage links Confirm links redirect to correct pages",
              "timedOut": null,
              "duration": 6770,
              "state": "passed",
              "speed": "medium",
              "pass": true,
              "fail": false,
              "pending": false,
              "context": null,
              "code": "cy.visit(\"/\");\ncy.get(\"#contact-us\").invoke(\"removeAttr\", \"target\").click({\n  force: true\n});\ncy.url().should(\"include\", \"contactus\");\ncy.go(\"back\");\ncy.reload();\ncy.url().should(\"include\", \"http://www.webdriveruniversity.com/\");\n// cy.reload(true); // Reload without using cache\ncy.go(\"forward\");\ncy.url().should(\"include\", \"contactus\");\ncy.go(\"back\");\ncy.get(\"#login-portal\").invoke(\"removeAttr\", \"target\").click({\n  force: true\n});\ncy.url().should(\"include\", \"Login-Portal\");\ncy.go(\"back\");\ncy.get(\"#to-do-list\").invoke(\"removeAttr\", \"target\").click({\n  force: true\n});\ncy.url().should(\"include\", \"To-Do-List\");\ncy.go(\"back\");",
              "err": {},
              "uuid": "12a71938-e158-4911-927f-d990d3a530be",
              "parentUUID": "449f66f2-4db7-43c7-a5b1-cd21df7efd03",
              "isHook": false,
              "skipped": false
            }
          ],
          "suites": [],
          "passes": [
            "12a71938-e158-4911-927f-d990d3a530be"
          ],
          "failures": [],
          "pending": [],
          "skipped": [],
          "duration": 6770,
          "root": false,
          "rootEmpty": false,
          "_timeout": 2000
        }
      ],
      "passes": [],
      "failures": [],
      "pending": [],
      "skipped": [],
      "duration": 0,
      "root": true,
      "rootEmpty": true,
      "_timeout": 2000
    },
    {
      "uuid": "c0fb9a42-6245-4bef-a5f2-83a2c7ff8855",
      "title": "",
      "fullFile": "cypress\\e2e\\webdriver-uni\\checkboxes.js",
      "file": "cypress\\e2e\\webdriver-uni\\checkboxes.js",
      "beforeHooks": [],
      "afterHooks": [],
      "tests": [],
      "suites": [
        {
          "uuid": "2b93d8e8-d411-4ee4-b66d-fe3eb9a64d04",
          "title": "Verify checkboxes via webdriveruni",
          "fullFile": "",
          "file": "",
          "beforeHooks": [],
          "afterHooks": [],
          "tests": [
            {
              "title": "Check and validate checkbox",
              "fullTitle": "Verify checkboxes via webdriveruni Check and validate checkbox",
              "timedOut": null,
              "duration": 1611,
              "state": "passed",
              "speed": "fast",
              "pass": true,
              "fail": false,
              "pending": false,
              "context": null,
              "code": "cy.get(\"#checkboxes > :nth-child(1) > input\").as(\"option-1\");\ncy.get(\"@option-1\").check().should(\"be.checked\");",
              "err": {},
              "uuid": "3e173f46-5d50-46b0-8213-269c20c3d10e",
              "parentUUID": "2b93d8e8-d411-4ee4-b66d-fe3eb9a64d04",
              "isHook": false,
              "skipped": false
            },
            {
              "title": "Uncheck and validate checkbox",
              "fullTitle": "Verify checkboxes via webdriveruni Uncheck and validate checkbox",
              "timedOut": null,
              "duration": 412,
              "state": "passed",
              "speed": "fast",
              "pass": true,
              "fail": false,
              "pending": false,
              "context": null,
              "code": "cy.get(\"#checkboxes > :nth-child(5) > input\").as(\"option-5\");\ncy.get(\"@option-5\").uncheck().should(\"not.be.checked\");",
              "err": {},
              "uuid": "6bc279f9-4d30-4ff2-81a6-0ad4480c23cd",
              "parentUUID": "2b93d8e8-d411-4ee4-b66d-fe3eb9a64d04",
              "isHook": false,
              "skipped": false
            },
            {
              "title": "Check multiples checkboxes",
              "fullTitle": "Verify checkboxes via webdriveruni Check multiples checkboxes",
              "timedOut": null,
              "duration": 543,
              "state": "passed",
              "speed": "fast",
              "pass": true,
              "fail": false,
              "pending": false,
              "context": null,
              "code": "cy.get(\"input[type='checkbox']\").check([\"option-1\", \"option-2\", \"option-3\", \"option-4\"]).should(\"be.checked\");",
              "err": {},
              "uuid": "81286d8a-5d56-440b-8739-6cca982a13f1",
              "parentUUID": "2b93d8e8-d411-4ee4-b66d-fe3eb9a64d04",
              "isHook": false,
              "skipped": false
            }
          ],
          "suites": [],
          "passes": [
            "3e173f46-5d50-46b0-8213-269c20c3d10e",
            "6bc279f9-4d30-4ff2-81a6-0ad4480c23cd",
            "81286d8a-5d56-440b-8739-6cca982a13f1"
          ],
          "failures": [],
          "pending": [],
          "skipped": [],
          "duration": 2566,
          "root": false,
          "rootEmpty": false,
          "_timeout": 2000
        }
      ],
      "passes": [],
      "failures": [],
      "pending": [],
      "skipped": [],
      "duration": 0,
      "root": true,
      "rootEmpty": true,
      "_timeout": 2000
    },
    {
      "uuid": "f67071bc-e736-44d6-8054-da72143ac727",
      "title": "",
      "fullFile": "cypress\\e2e\\webdriver-uni\\contact-us.js",
      "file": "cypress\\e2e\\webdriver-uni\\contact-us.js",
      "beforeHooks": [],
      "afterHooks": [],
      "tests": [],
      "suites": [
        {
          "uuid": "e8db02a8-b298-4f6d-b671-0094f1264c60",
          "title": "test contact us form via webdriveruni",
          "fullFile": "",
          "file": "",
          "beforeHooks": [],
          "afterHooks": [],
          "tests": [
            {
              "title": "should be able to submit a successful submission via contact us form",
              "fullTitle": "test contact us form via webdriveruni should be able to submit a successful submission via contact us form",
              "timedOut": null,
              "duration": 5396,
              "state": "passed",
              "speed": "medium",
              "pass": true,
              "fail": false,
              "pending": false,
              "context": null,
              "code": "cy.document().should(\"have.property\", \"charset\").and(\"eq\", \"UTF-8\");\n// cy.pause()\ncy.title().should(\"include\", \"WebDriver | Contact Us\");\n// A usefull way to improve our debug in cypress\n// cy.url().pause().should(\"include\", \"contactus\");\ncy.url().should(\"include\", \"contactus\");\n// Another way to debug (for example, I need my API to make a request in less than 3s, or smth like that)\n// cy.wait(3000);\ncontactUsPO.contactForm_Submission(Cypress.env(\"first_name\"), data.last_name, data.email, data.comment, \"h1\", \"Thank You for your Message!\");",
              "err": {},
              "uuid": "9c815131-e840-4577-9a13-fb79dcc2093c",
              "parentUUID": "e8db02a8-b298-4f6d-b671-0094f1264c60",
              "isHook": false,
              "skipped": false
            },
            {
              "title": "should not be able to submit a successful submission via contact us form as all fields are required",
              "fullTitle": "test contact us form via webdriveruni should not be able to submit a successful submission via contact us form as all fields are required",
              "timedOut": null,
              "duration": 1746,
              "state": "passed",
              "speed": "fast",
              "pass": true,
              "fail": false,
              "pending": false,
              "context": null,
              "code": "contactUsPO.contactForm_Submission(data.first_name, data.last_name, \" \", data.comment, \"body\", \"Error: Invalid email address\");",
              "err": {},
              "uuid": "01993a84-6ab3-4223-aa45-18bebcc08505",
              "parentUUID": "e8db02a8-b298-4f6d-b671-0094f1264c60",
              "isHook": false,
              "skipped": false
            }
          ],
          "suites": [],
          "passes": [
            "9c815131-e840-4577-9a13-fb79dcc2093c",
            "01993a84-6ab3-4223-aa45-18bebcc08505"
          ],
          "failures": [],
          "pending": [],
          "skipped": [],
          "duration": 7142,
          "root": false,
          "rootEmpty": false,
          "_timeout": 2000
        }
      ],
      "passes": [],
      "failures": [],
      "pending": [],
      "skipped": [],
      "duration": 0,
      "root": true,
      "rootEmpty": true,
      "_timeout": 2000
    },
    {
      "uuid": "060c71e6-c873-438b-be0f-f43477e9914f",
      "title": "",
      "fullFile": "cypress\\e2e\\webdriver-uni\\data-tables.js",
      "file": "cypress\\e2e\\webdriver-uni\\data-tables.js",
      "beforeHooks": [],
      "afterHooks": [],
      "tests": [],
      "suites": [
        {
          "uuid": "864c62a9-e73b-4b95-839a-f5df9987842e",
          "title": "Handling data via webdriveruni",
          "fullFile": "",
          "file": "",
          "beforeHooks": [],
          "afterHooks": [],
          "tests": [
            {
              "title": "calculate and assert the age of a user based on last name",
              "fullTitle": "Handling data via webdriveruni calculate and assert the age of a user based on last name",
              "timedOut": null,
              "duration": 2376,
              "state": "passed",
              "speed": "fast",
              "pass": true,
              "fail": false,
              "pending": false,
              "context": null,
              "code": "// For we looking for the last name we first need to get the second column of the table which contains the last names of the users\n// So we use the nth-child selector to get the second column of the table, then we loop through each element in that column and check if it includes the last name we are looking for, if it does then we get the age of that user which is in the next sibling element and assert that it is equal to the expected age.\ncy.get(\"#thumbnail-1 tr td:nth-child(2)\").each(($el, index, $list) => {\n  const text = $el.text();\n  if (text.includes(\"Woods\")) {\n    // Here we first get the current element which is the last name, then we use .next() to get the next sibling element which contains the age of the user.\n    cy.get(\"#thumbnail-1 tr td:nth-child(2)\").eq(index).next().then(age => {\n      const userAge = age.text();\n      expect(userAge).to.eq(\"80\");\n    });\n  }\n});",
              "err": {},
              "uuid": "8cd48a8e-1e9b-4a29-b64a-1b14d0e097d6",
              "parentUUID": "864c62a9-e73b-4b95-839a-f5df9987842e",
              "isHook": false,
              "skipped": false
            }
          ],
          "suites": [],
          "passes": [
            "8cd48a8e-1e9b-4a29-b64a-1b14d0e097d6"
          ],
          "failures": [],
          "pending": [],
          "skipped": [],
          "duration": 2376,
          "root": false,
          "rootEmpty": false,
          "_timeout": 2000
        }
      ],
      "passes": [],
      "failures": [],
      "pending": [],
      "skipped": [],
      "duration": 0,
      "root": true,
      "rootEmpty": true,
      "_timeout": 2000
    },
    {
      "uuid": "43f33a4d-d130-46b9-835b-47a16954c5f3",
      "title": "",
      "fullFile": "cypress\\e2e\\webdriver-uni\\dropdown-list.js",
      "file": "cypress\\e2e\\webdriver-uni\\dropdown-list.js",
      "beforeHooks": [],
      "afterHooks": [],
      "tests": [],
      "suites": [
        {
          "uuid": "981695e0-b0e2-4004-bbf1-fc18d18b2bbc",
          "title": "Interact with dropdown lists",
          "fullFile": "",
          "file": "",
          "beforeHooks": [],
          "afterHooks": [],
          "tests": [
            {
              "title": "Select specific values via dropdown list",
              "fullTitle": "Interact with dropdown lists Select specific values via dropdown list",
              "timedOut": null,
              "duration": 3900,
              "state": "passed",
              "speed": "fast",
              "pass": true,
              "fail": false,
              "pending": false,
              "context": null,
              "code": "cy.visit(\"/\");\ncy.get(\"#dropdown-checkboxes-radiobuttons\").invoke(\"removeAttr\", \"target\").click({\n  force: true\n});\ncy.get(\"#dropdowm-menu-1\").select(\"c#\");\ncy.get(\"#dropdowm-menu-2\").select(\"testng\").should(\"have.value\", \"testng\");\ncy.get(\"#dropdowm-menu-3\").select(\"jquery\").contains(\"JQuery\");\ncy.get(\"#dropdowm-menu-2\").select(\"maven\").should(\"have.value\", \"maven\");\ncy.get(\"#dropdowm-menu-2\").select(\"testng\").contains(\"TestNG\");",
              "err": {},
              "uuid": "daf92284-f159-415e-9a83-24426b5903a8",
              "parentUUID": "981695e0-b0e2-4004-bbf1-fc18d18b2bbc",
              "isHook": false,
              "skipped": false
            }
          ],
          "suites": [],
          "passes": [
            "daf92284-f159-415e-9a83-24426b5903a8"
          ],
          "failures": [],
          "pending": [],
          "skipped": [],
          "duration": 3900,
          "root": false,
          "rootEmpty": false,
          "_timeout": 2000
        }
      ],
      "passes": [],
      "failures": [],
      "pending": [],
      "skipped": [],
      "duration": 0,
      "root": true,
      "rootEmpty": true,
      "_timeout": 2000
    },
    {
      "uuid": "97f23f3b-96d8-42fe-8909-23e166fda637",
      "title": "",
      "fullFile": "cypress\\e2e\\webdriver-uni\\file-upload.js",
      "file": "cypress\\e2e\\webdriver-uni\\file-upload.js",
      "beforeHooks": [],
      "afterHooks": [],
      "tests": [],
      "suites": [
        {
          "uuid": "4dec4456-0b3c-4f37-8910-e44d609a8a4a",
          "title": "Test file upload via webdriveruni",
          "fullFile": "",
          "file": "",
          "beforeHooks": [],
          "afterHooks": [],
          "tests": [
            {
              "title": "upload a file...",
              "fullTitle": "Test file upload via webdriveruni upload a file...",
              "timedOut": null,
              "duration": 2781,
              "state": "passed",
              "speed": "fast",
              "pass": true,
              "fail": false,
              "pending": false,
              "context": null,
              "code": "cy.get('[name=\"filename\"]').selectFile(\"cypress/fixtures/laptop.png\");\ncy.get(\"#submit-button\").click();",
              "err": {},
              "uuid": "804a3051-d6f7-4c1f-b8da-fa1b74868178",
              "parentUUID": "4dec4456-0b3c-4f37-8910-e44d609a8a4a",
              "isHook": false,
              "skipped": false
            },
            {
              "title": "upload a no file...",
              "fullTitle": "Test file upload via webdriveruni upload a no file...",
              "timedOut": null,
              "duration": 928,
              "state": "passed",
              "speed": "fast",
              "pass": true,
              "fail": false,
              "pending": false,
              "context": null,
              "code": "cy.get(\"#submit-button\").click();",
              "err": {},
              "uuid": "a6493fd4-b480-4afa-b253-8c0273afee9b",
              "parentUUID": "4dec4456-0b3c-4f37-8910-e44d609a8a4a",
              "isHook": false,
              "skipped": false
            }
          ],
          "suites": [],
          "passes": [
            "804a3051-d6f7-4c1f-b8da-fa1b74868178",
            "a6493fd4-b480-4afa-b253-8c0273afee9b"
          ],
          "failures": [],
          "pending": [],
          "skipped": [],
          "duration": 3709,
          "root": false,
          "rootEmpty": false,
          "_timeout": 2000
        }
      ],
      "passes": [],
      "failures": [],
      "pending": [],
      "skipped": [],
      "duration": 0,
      "root": true,
      "rootEmpty": true,
      "_timeout": 2000
    },
    {
      "uuid": "1d9c3fe2-9d1c-41df-aba3-8d0426e85ef1",
      "title": "",
      "fullFile": "cypress\\e2e\\webdriver-uni\\iframe.js",
      "file": "cypress\\e2e\\webdriver-uni\\iframe.js",
      "beforeHooks": [],
      "afterHooks": [],
      "tests": [],
      "suites": [
        {
          "uuid": "41444f06-3fc1-464b-a65a-6c2d6dfd3201",
          "title": "Handling Iframe and modals",
          "fullFile": "",
          "file": "",
          "beforeHooks": [],
          "afterHooks": [],
          "tests": [
            {
              "title": "Handle webdriveruni iframe    ",
              "fullTitle": "Handling Iframe and modals Handle webdriveruni iframe    ",
              "timedOut": null,
              "duration": 4076,
              "state": "passed",
              "speed": "fast",
              "pass": true,
              "fail": false,
              "pending": false,
              "context": null,
              "code": "cy.visit(\"/\");\ncy.get(\"#iframe\").invoke(\"removeAttr\", \"target\").click({\n  force: true\n});\ncy.get('#frame').then($iframe => {\n  // To access an element inside the iframe we need to get the body of the iframe and then wrap it to use cypress commands on it\n  const body = $iframe.contents().find('body');\n  cy.wrap(body).as('iframe');\n});\ncy.get('@iframe').find('#button-find-out-more').click();\ncy.get('@iframe').find('#myModal').as('modal');\ncy.get('@modal').should($expectedText => {\n  const text = $expectedText.text();\n  expect(text).to.include(\"Welcome to webdriveruniversity.com we sell a wide range of electrical goods\");\n});\ncy.get('@modal').contains('Close').click();",
              "err": {},
              "uuid": "c3821131-1e60-4d28-8053-06d329e967b0",
              "parentUUID": "41444f06-3fc1-464b-a65a-6c2d6dfd3201",
              "isHook": false,
              "skipped": false
            }
          ],
          "suites": [],
          "passes": [
            "c3821131-1e60-4d28-8053-06d329e967b0"
          ],
          "failures": [],
          "pending": [],
          "skipped": [],
          "duration": 4076,
          "root": false,
          "rootEmpty": false,
          "_timeout": 2000
        }
      ],
      "passes": [],
      "failures": [],
      "pending": [],
      "skipped": [],
      "duration": 0,
      "root": true,
      "rootEmpty": true,
      "_timeout": 2000
    },
    {
      "uuid": "8f1b7f2a-468f-426e-a295-c855a73a4867",
      "title": "",
      "fullFile": "cypress\\e2e\\webdriver-uni\\js-alerts.js",
      "file": "cypress\\e2e\\webdriver-uni\\js-alerts.js",
      "beforeHooks": [],
      "afterHooks": [],
      "tests": [],
      "suites": [
        {
          "uuid": "bb800ae8-09ad-4d1b-adcc-efbd8bb04677",
          "title": "Handle js alerts",
          "fullFile": "",
          "file": "",
          "beforeHooks": [],
          "afterHooks": [],
          "tests": [
            {
              "title": "Confirm the js alert contains the correct text",
              "fullTitle": "Handle js alerts Confirm the js alert contains the correct text",
              "timedOut": null,
              "duration": 2760,
              "state": "passed",
              "speed": "fast",
              "pass": true,
              "fail": false,
              "pending": false,
              "context": null,
              "code": "cy.get(\"#button1\").click();\ncy.on(\"window:alert\", str => {\n  expect(str).to.eq(\"I am an alert box!\");\n});",
              "err": {},
              "uuid": "7bbb5d44-5bab-4cc8-b808-75a594cb1ea4",
              "parentUUID": "bb800ae8-09ad-4d1b-adcc-efbd8bb04677",
              "isHook": false,
              "skipped": false
            },
            {
              "title": "Validate js confirm alert box works correctly when clicks ok",
              "fullTitle": "Handle js alerts Validate js confirm alert box works correctly when clicks ok",
              "timedOut": null,
              "duration": 703,
              "state": "passed",
              "speed": "fast",
              "pass": true,
              "fail": false,
              "pending": false,
              "context": null,
              "code": "cy.get(\"#button4\").click();\ncy.on(\"window:alert\", str => {\n  // When we return true the alert is accepted (clicked ok)\n  return true;\n});\ncy.get(\"#confirm-alert-text\").contains(\"You pressed OK!\");",
              "err": {},
              "uuid": "d7497cc8-8fb1-4781-a478-58e5fc7423d2",
              "parentUUID": "bb800ae8-09ad-4d1b-adcc-efbd8bb04677",
              "isHook": false,
              "skipped": false
            },
            {
              "title": "Validate js confirm alert box works correctly when clicks cancel",
              "fullTitle": "Handle js alerts Validate js confirm alert box works correctly when clicks cancel",
              "timedOut": null,
              "duration": 798,
              "state": "passed",
              "speed": "fast",
              "pass": true,
              "fail": false,
              "pending": false,
              "context": null,
              "code": "cy.get(\"#button4\").click();\ncy.on(\"window:confirm\", str => {\n  // When we return true the alert is accepted (clicked ok)\n  return false;\n});\ncy.get(\"#confirm-alert-text\").contains(\"You pressed Cancel!\");",
              "err": {},
              "uuid": "98a23e53-c9c0-4d7f-b11f-edbf931fea32",
              "parentUUID": "bb800ae8-09ad-4d1b-adcc-efbd8bb04677",
              "isHook": false,
              "skipped": false
            },
            {
              "title": "Validate js confirm alert box using a stub",
              "fullTitle": "Handle js alerts Validate js confirm alert box using a stub",
              "timedOut": null,
              "duration": 871,
              "state": "passed",
              "speed": "fast",
              "pass": true,
              "fail": false,
              "pending": false,
              "context": null,
              "code": "const stub = cy.stub();\ncy.on(\"window:confirm\", stub);\ncy.get(\"#button4\").click().then(() => {\n  expect(stub.getCall(0)).to.be.calledWith(\"Press a button!\");\n}).then(() => {\n  return true;\n}).then(() => {\n  cy.get(\"#confirm-alert-text\").contains(\"You pressed OK!\");\n});",
              "err": {},
              "uuid": "2c1dfedc-73f3-40e6-b476-66d39e2b9c89",
              "parentUUID": "bb800ae8-09ad-4d1b-adcc-efbd8bb04677",
              "isHook": false,
              "skipped": false
            }
          ],
          "suites": [],
          "passes": [
            "7bbb5d44-5bab-4cc8-b808-75a594cb1ea4",
            "d7497cc8-8fb1-4781-a478-58e5fc7423d2",
            "98a23e53-c9c0-4d7f-b11f-edbf931fea32",
            "2c1dfedc-73f3-40e6-b476-66d39e2b9c89"
          ],
          "failures": [],
          "pending": [],
          "skipped": [],
          "duration": 5132,
          "root": false,
          "rootEmpty": false,
          "_timeout": 2000
        }
      ],
      "passes": [],
      "failures": [],
      "pending": [],
      "skipped": [],
      "duration": 0,
      "root": true,
      "rootEmpty": true,
      "_timeout": 2000
    },
    {
      "uuid": "8ea93828-51ee-41fe-a858-667ed0b4311d",
      "title": "",
      "fullFile": "cypress\\e2e\\webdriver-uni\\mouse-actions.js",
      "file": "cypress\\e2e\\webdriver-uni\\mouse-actions.js",
      "beforeHooks": [],
      "afterHooks": [],
      "tests": [],
      "suites": [
        {
          "uuid": "44d2585a-d8ce-46bc-beba-d2fbe5e012d5",
          "title": "Test mouse actions",
          "fullFile": "",
          "file": "",
          "beforeHooks": [],
          "afterHooks": [],
          "tests": [
            {
              "title": "It should be able to hold down the left mouse click button on a given element",
              "fullTitle": "Test mouse actions It should be able to hold down the left mouse click button on a given element",
              "timedOut": null,
              "duration": 3000,
              "state": "passed",
              "speed": "fast",
              "pass": true,
              "fail": false,
              "pending": false,
              "context": null,
              "code": "cy.get(\"#click-box\").trigger('mousedown', {\n  which: 1\n}).then($element => {\n  expect($element).to.have.css(\"background-color\", \"rgb(0, 255, 0)\");\n});",
              "err": {},
              "uuid": "fbb4225c-6e7d-4dea-acec-1484af0998a0",
              "parentUUID": "44d2585a-d8ce-46bc-beba-d2fbe5e012d5",
              "isHook": false,
              "skipped": false
            }
          ],
          "suites": [],
          "passes": [
            "fbb4225c-6e7d-4dea-acec-1484af0998a0"
          ],
          "failures": [],
          "pending": [],
          "skipped": [],
          "duration": 3000,
          "root": false,
          "rootEmpty": false,
          "_timeout": 2000
        }
      ],
      "passes": [],
      "failures": [],
      "pending": [],
      "skipped": [],
      "duration": 0,
      "root": true,
      "rootEmpty": true,
      "_timeout": 2000
    },
    {
      "uuid": "a6ffb651-f1da-4f4b-a7da-04f73cba1eb3",
      "title": "",
      "fullFile": "cypress\\e2e\\webdriver-uni\\radio-buttons.js",
      "file": "cypress\\e2e\\webdriver-uni\\radio-buttons.js",
      "beforeHooks": [],
      "afterHooks": [],
      "tests": [],
      "suites": [
        {
          "uuid": "27168a44-d521-4025-a9e1-8f0d65171861",
          "title": "Verify radio buttons via webdriveruni",
          "fullFile": "",
          "file": "",
          "beforeHooks": [],
          "afterHooks": [],
          "tests": [
            {
              "title": "Check specific radio buttons",
              "fullTitle": "Verify radio buttons via webdriveruni Check specific radio buttons",
              "timedOut": null,
              "duration": 2435,
              "state": "passed",
              "speed": "fast",
              "pass": true,
              "fail": false,
              "pending": false,
              "context": null,
              "code": "cy.get(\"input[type='radio']\").first().check();\ncy.get(\"input[type='radio']\").eq(1).check();",
              "err": {},
              "uuid": "636ae2da-f9cd-4dc9-b67c-f8dec7211cc2",
              "parentUUID": "27168a44-d521-4025-a9e1-8f0d65171861",
              "isHook": false,
              "skipped": false
            },
            {
              "title": "Check specific radio buttons and validate",
              "fullTitle": "Verify radio buttons via webdriveruni Check specific radio buttons and validate",
              "timedOut": null,
              "duration": 716,
              "state": "passed",
              "speed": "fast",
              "pass": true,
              "fail": false,
              "pending": false,
              "context": null,
              "code": "cy.get(\"[value='lettuce']\").should(\"not.be.checked\");\ncy.get(\"[value='pumpkin']\").should(\"be.checked\");\ncy.get(\"[value='lettuce']\").check().should(\"be.checked\");\ncy.get(\"[value='pumpkin']\").should(\"not.be.checked\");\ncy.get(\"[value='cabbage']\").should(\"be.disabled\");",
              "err": {},
              "uuid": "b2f02da7-b51b-4c94-a9ec-576613814572",
              "parentUUID": "27168a44-d521-4025-a9e1-8f0d65171861",
              "isHook": false,
              "skipped": false
            }
          ],
          "suites": [],
          "passes": [
            "636ae2da-f9cd-4dc9-b67c-f8dec7211cc2",
            "b2f02da7-b51b-4c94-a9ec-576613814572"
          ],
          "failures": [],
          "pending": [],
          "skipped": [],
          "duration": 3151,
          "root": false,
          "rootEmpty": false,
          "_timeout": 2000
        }
      ],
      "passes": [],
      "failures": [],
      "pending": [],
      "skipped": [],
      "duration": 0,
      "root": true,
      "rootEmpty": true,
      "_timeout": 2000
    },
    {
      "uuid": "8fd3e5b0-16f3-41f0-85c4-9e3681c14225",
      "title": "",
      "fullFile": "cypress\\e2e\\webdriver-uni\\selector-examples.js",
      "file": "cypress\\e2e\\webdriver-uni\\selector-examples.js",
      "beforeHooks": [],
      "afterHooks": [],
      "tests": [],
      "suites": [
        {
          "uuid": "d00c3b3e-fbd4-44b7-92bd-65ceea5b9585",
          "title": "Selector Examples on WebDriverUni",
          "fullFile": "",
          "file": "",
          "beforeHooks": [],
          "afterHooks": [],
          "tests": [
            {
              "title": "Examples of  selectors via WebDriverUni",
              "fullTitle": "Selector Examples on WebDriverUni Examples of  selectors via WebDriverUni",
              "timedOut": null,
              "duration": 1731,
              "state": "passed",
              "speed": "fast",
              "pass": true,
              "fail": false,
              "pending": false,
              "context": null,
              "code": "cy.visit(\"/Contact-Us/contactus.html\");\n// Pelo nome da tag\ncy.get(\"input\");\n// Pelos atributos de dentro da tag\ncy.get(\"input[name='first_name']\");\n// Pelo ID\ncy.get(\"#contact_me\");\n// Pela classe\ncy.get(\".feedback-input\");\n// Por várias classes\ncy.get(\"[class='navbar navbar-inverse navbar-fixed-top']\");\n// Por atributos diferentes\ncy.get(\"input[name='email'][placeholder='Email Address']\");\n// Pelo xpath (necessita do plugin cypress-xpath)\ncy.xpath(\"//input[@name='first_name']\");",
              "err": {},
              "uuid": "6f9611c2-c01b-4ad9-b18e-20233050abe8",
              "parentUUID": "d00c3b3e-fbd4-44b7-92bd-65ceea5b9585",
              "isHook": false,
              "skipped": false
            }
          ],
          "suites": [],
          "passes": [
            "6f9611c2-c01b-4ad9-b18e-20233050abe8"
          ],
          "failures": [],
          "pending": [],
          "skipped": [],
          "duration": 1731,
          "root": false,
          "rootEmpty": false,
          "_timeout": 2000
        }
      ],
      "passes": [],
      "failures": [],
      "pending": [],
      "skipped": [],
      "duration": 0,
      "root": true,
      "rootEmpty": true,
      "_timeout": 2000
    },
    {
      "uuid": "cf4c0704-9ea5-4fe7-9d22-c900058e0cb9",
      "title": "",
      "fullFile": "cypress\\e2e\\webdriver-uni\\traversing-elements.js",
      "file": "cypress\\e2e\\webdriver-uni\\traversing-elements.js",
      "beforeHooks": [],
      "afterHooks": [],
      "tests": [],
      "suites": [
        {
          "uuid": "22945184-9b22-417e-8e71-35af7895994e",
          "title": "Traversing DOM elements in Cypress",
          "fullFile": "",
          "file": "",
          "beforeHooks": [],
          "afterHooks": [],
          "tests": [
            {
              "title": "children() to get the children of DOM elements",
              "fullTitle": "Traversing DOM elements in Cypress children() to get the children of DOM elements",
              "timedOut": null,
              "duration": 3089,
              "state": "passed",
              "speed": "fast",
              "pass": true,
              "fail": false,
              "pending": false,
              "context": null,
              "code": "// The command \"children()\" is used to get the children of DOM elements. It returns a new set of DOM elements that are the children of the original set of elements.\n// In this example we are getting the children from the class \"traversal-breadcrumb\" and then we are asserting that the child with the class \"active\" and contains the text \"Contact Us\".\ncy.get(\".traversal-breadcrumb\").children(\".active\").should(\"contain\", \"Contact Us\");",
              "err": {},
              "uuid": "72f4953a-4165-4aca-a741-6fce62ee77a2",
              "parentUUID": "22945184-9b22-417e-8e71-35af7895994e",
              "isHook": false,
              "skipped": false
            },
            {
              "title": "closest() to validate the closest ancestor DOM element",
              "fullTitle": "Traversing DOM elements in Cypress closest() to validate the closest ancestor DOM element",
              "timedOut": null,
              "duration": 658,
              "state": "passed",
              "speed": "fast",
              "pass": true,
              "fail": false,
              "pending": false,
              "context": null,
              "code": "// The command \"closest()\" is used to validate the closest ancestor DOM element. It returns a new set of DOM elements that are the closest ancestors of the original set of elements.\n// In this example we are getting the closest ancestor of the class \"traversal-badge\" (which is an unordered list) and then we are asserting that the closest ancestor is a \"ul\" element and has the class \"list-group\".\ncy.get(\".traversal-badge\").closest(\"ul\").should(\"have.class\", \"list-group\");",
              "err": {},
              "uuid": "bf8b2e88-4604-4498-bd59-da52674a898e",
              "parentUUID": "22945184-9b22-417e-8e71-35af7895994e",
              "isHook": false,
              "skipped": false
            },
            {
              "title": "eq() to retrieve a specific element based on index",
              "fullTitle": "Traversing DOM elements in Cypress eq() to retrieve a specific element based on index",
              "timedOut": null,
              "duration": 616,
              "state": "passed",
              "speed": "fast",
              "pass": true,
              "fail": false,
              "pending": false,
              "context": null,
              "code": "// The command \"eq()\" is used to retrieve a specific element based on index. It returns a new set of DOM elements that are the element at the specified index in the original set of elements.\n// In this example we are getting all the children of the class \"traversal-drinks-list\" and then we are asserting that the element at index 2 (using the command \"eq(2)\") contains the text \"Milk\".\ncy.get(\".traversal-drinks-list > *\").eq(2).should(\"contain\", \"Milk\");",
              "err": {},
              "uuid": "32cc54cd-f158-4ffb-b3f0-e61ee69fdca5",
              "parentUUID": "22945184-9b22-417e-8e71-35af7895994e",
              "isHook": false,
              "skipped": false
            },
            {
              "title": "filter() to retrieve DOM elements that match a specific selector",
              "fullTitle": "Traversing DOM elements in Cypress filter() to retrieve DOM elements that match a specific selector",
              "timedOut": null,
              "duration": 625,
              "state": "passed",
              "speed": "fast",
              "pass": true,
              "fail": false,
              "pending": false,
              "context": null,
              "code": "// The command \"filter()\" is used to retrieve DOM elements that match a specific selector. It returns a new set of DOM elements that are the elements in the original set of elements that match the specified selector.\n// In this example we are getting all the children of the class \"btn-group-toggle\" and then we are asserting that the child with the class \"active\" contains the text \"Button-1\".\ncy.get(\".btn-group-toggle > *\").filter(\".active\").should(\"contain\", \"Button-1\");",
              "err": {},
              "uuid": "8171b7ab-3e89-4c94-8ad8-a4636df96a72",
              "parentUUID": "22945184-9b22-417e-8e71-35af7895994e",
              "isHook": false,
              "skipped": false
            },
            {
              "title": "find() to retrieve DOM elements of a given selector",
              "fullTitle": "Traversing DOM elements in Cypress find() to retrieve DOM elements of a given selector",
              "timedOut": null,
              "duration": 611,
              "state": "passed",
              "speed": "fast",
              "pass": true,
              "fail": false,
              "pending": false,
              "context": null,
              "code": "// The command \"find()\" is used to retrieve DOM elements of a given selector. It returns a new set of DOM elements that are the descendants of the original set of elements that match the specified selector.\n// In this example we are getting the element with the class \"traversal-pagination\" and then we are finding all the \"li\" elements that are descendants of it and then we are finding all the \"a\" elements that are descendants of the \"li\" elements and then we are asserting that there are 7 \"a\" elements.\ncy.get(\".traversal-pagination\").find(\"li\").find(\"a\").should(\"have.length\", 7);",
              "err": {},
              "uuid": "f176496f-5b93-4648-baec-18ec29eb9383",
              "parentUUID": "22945184-9b22-417e-8e71-35af7895994e",
              "isHook": false,
              "skipped": false
            },
            {
              "title": "first() to retrieve the first DOM element within elements ",
              "fullTitle": "Traversing DOM elements in Cypress first() to retrieve the first DOM element within elements ",
              "timedOut": null,
              "duration": 636,
              "state": "passed",
              "speed": "fast",
              "pass": true,
              "fail": false,
              "pending": false,
              "context": null,
              "code": "// The command \"first()\" is used to retrieve the first DOM element within elements. It returns a new set of DOM elements that are the first element in the original set of elements.\n// In this example we are getting all the \"td\" elements that are descendants of the \"tr\" elements that are descendants of the \"tbody\" element that is a descendant of the element with the class \"traversal-table\" and then we are asserting that the first \"td\" element contains the text \"Andy\".\ncy.get(\".traversal-table > tbody > tr > td\").first().should(\"contain\", \"Andy\");",
              "err": {},
              "uuid": "e2a684b9-7d9a-4b48-95d6-94b13b68d17a",
              "parentUUID": "22945184-9b22-417e-8e71-35af7895994e",
              "isHook": false,
              "skipped": false
            },
            {
              "title": "last() to retrieve the last DOM element within elements",
              "fullTitle": "Traversing DOM elements in Cypress last() to retrieve the last DOM element within elements",
              "timedOut": null,
              "duration": 610,
              "state": "passed",
              "speed": "fast",
              "pass": true,
              "fail": false,
              "pending": false,
              "context": null,
              "code": "// The command \"last()\" is used to retrieve the last DOM element within elements. It returns a new set of DOM elements that are the last element in the original set of elements.\n// In this example we are getting all the \"td\" elements that are descendants of the \"tr\" elements that are descendants of the \"tbody\" element that is a descendant of the element with the class \"traversal-table\" and then we are asserting that the last \"td\" element contains the text \"Scott\".\ncy.get(\".traversal-table > tbody > tr > td\").last().should(\"contain\", \"Scott\");",
              "err": {},
              "uuid": "2d108930-58e4-4fcf-a3bf-8e295655e2d1",
              "parentUUID": "22945184-9b22-417e-8e71-35af7895994e",
              "isHook": false,
              "skipped": false
            },
            {
              "title": "nextAll() to get all of the next sibling DOM elements within elements",
              "fullTitle": "Traversing DOM elements in Cypress nextAll() to get all of the next sibling DOM elements within elements",
              "timedOut": null,
              "duration": 615,
              "state": "passed",
              "speed": "fast",
              "pass": true,
              "fail": false,
              "pending": false,
              "context": null,
              "code": "// The command \"nextAll()\" is used to get all of the next sibling DOM elements within elements. It returns a new set of DOM elements that are the next siblings of the original set of elements.\n// In this example we are getting the element with the class \"traversal-drinks-list\" and then we are finding the element that contains the text \"Tea\" and then we are getting all the next siblings of that element and then we are asserting that there are 3 next siblings.\ncy.get(\".traversal-drinks-list\").contains(\"Tea\").nextAll().should(\"have.length\", \"3\");",
              "err": {},
              "uuid": "465f6d47-30d1-4b23-8ad7-7d57f02b5a3d",
              "parentUUID": "22945184-9b22-417e-8e71-35af7895994e",
              "isHook": false,
              "skipped": false
            },
            {
              "title": "nextUntil() to get all of the next sibling DOM elements within elements until another element",
              "fullTitle": "Traversing DOM elements in Cypress nextUntil() to get all of the next sibling DOM elements within elements until another element",
              "timedOut": null,
              "duration": 636,
              "state": "passed",
              "speed": "fast",
              "pass": true,
              "fail": false,
              "pending": false,
              "context": null,
              "code": "// The command \"nextUntil()\" is used to get all of the next sibling DOM elements within elements until another element. It returns a new set of DOM elements that are the next siblings of the original set of elements until the specified element is reached.\n// In this example we are getting the element with the id \"coffee\" and then we are getting all the next siblings of that element until we reach the element with the id \"milk\" and then we are asserting that there is 1 next sibling between those two elements.\ncy.get(\"#coffee\").nextUntil(\"#milk\").should(\"have.length\", \"1\");",
              "err": {},
              "uuid": "e7b20727-fadb-44ed-9528-02c6b2b45ae7",
              "parentUUID": "22945184-9b22-417e-8e71-35af7895994e",
              "isHook": false,
              "skipped": false
            },
            {
              "title": "not() to remove DOM element(s) from the set of elements",
              "fullTitle": "Traversing DOM elements in Cypress not() to remove DOM element(s) from the set of elements",
              "timedOut": null,
              "duration": 675,
              "state": "passed",
              "speed": "fast",
              "pass": true,
              "fail": false,
              "pending": false,
              "context": null,
              "code": "// The command \"not()\" is used to remove DOM element(s) from the set of elements. It returns a new set of DOM elements that are the elements in the original set of elements that do not match the specified selector.\n// In this example we are getting all the \"button\" elements that are children of the element with the class \"traversal-button-states\" and then we are removing the \"button\" elements that have the class \"disabled\" and then we are asserting that the remaining \"button\" elements do not have the class \"disabled\".\ncy.get(\".traversal-button-states > button\").not(\".disabled\").should(\"not.have.class\", \"disabled\");",
              "err": {},
              "uuid": "e1f905ae-4bc3-4989-bc13-4c7e8a667b08",
              "parentUUID": "22945184-9b22-417e-8e71-35af7895994e",
              "isHook": false,
              "skipped": false
            },
            {
              "title": "parent() To get parent DOM element of elements",
              "fullTitle": "Traversing DOM elements in Cypress parent() To get parent DOM element of elements",
              "timedOut": null,
              "duration": 643,
              "state": "passed",
              "speed": "fast",
              "pass": true,
              "fail": false,
              "pending": false,
              "context": null,
              "code": "// The command \"parent()\" is used to get the parent DOM element of elements. It returns a new set of DOM elements that are the parent of the original set of elements.\n// In this example we are getting the element with the class \"traversal-mark\" and then we are getting its parent element and then we are asserting that the parent element contains the text \"Lorem ipsum dolor sit amet\".\ncy.get(\".traversal-mark\").parent().should(\"contain\", \"Lorem ipsum dolor sit amet\");",
              "err": {},
              "uuid": "c9e96421-efc1-48b3-b2cc-5b62686f5162",
              "parentUUID": "22945184-9b22-417e-8e71-35af7895994e",
              "isHook": false,
              "skipped": false
            },
            {
              "title": "parents() to get parents DOM element of elements",
              "fullTitle": "Traversing DOM elements in Cypress parents() to get parents DOM element of elements",
              "timedOut": null,
              "duration": 687,
              "state": "passed",
              "speed": "fast",
              "pass": true,
              "fail": false,
              "pending": false,
              "context": null,
              "code": "// The command \"parents()\" is used to get the parents DOM element of elements. It returns a new set of DOM elements that are the parents of the original set of elements.\n// In this example we are getting the element with the class \"traversal-citie\" and then we are getting all its parent elements and then we are asserting that one of the parent elements is a \"blockquote\" element.\ncy.get(\".traversal-cite\").parents().should(\"match\", \"blockquote\");",
              "err": {},
              "uuid": "830248f8-c5ec-4df3-b144-29b1dc55f34a",
              "parentUUID": "22945184-9b22-417e-8e71-35af7895994e",
              "isHook": false,
              "skipped": false
            },
            {
              "title": "prev() to get the previous sibling DOM element within elements",
              "fullTitle": "Traversing DOM elements in Cypress prev() to get the previous sibling DOM element within elements",
              "timedOut": null,
              "duration": 716,
              "state": "passed",
              "speed": "fast",
              "pass": true,
              "fail": false,
              "pending": false,
              "context": null,
              "code": "// The command \"prev()\" is used to get the previous sibling DOM element within elements. It returns a new set of DOM elements that are the previous sibling of the original set of elements.\n// In this example we are getting the element with the id \"sugar\" and then we are getting its previous sibling element and then we are asserting that the previous sibling element contains the text \"Espresso\".\ncy.get(\"#sugar\").prev().should(\"contain\", \"Espresso\");",
              "err": {},
              "uuid": "c1cb19ef-1ca9-4758-8ead-2f7a5c8f9285",
              "parentUUID": "22945184-9b22-417e-8e71-35af7895994e",
              "isHook": false,
              "skipped": false
            },
            {
              "title": "prevAll() to get all previous sibling DOM elements within elements",
              "fullTitle": "Traversing DOM elements in Cypress prevAll() to get all previous sibling DOM elements within elements",
              "timedOut": null,
              "duration": 854,
              "state": "passed",
              "speed": "fast",
              "pass": true,
              "fail": false,
              "pending": false,
              "context": null,
              "code": "// The command \"prevAll()\" is used to get all previous sibling DOM elements within elements. It returns a new set of DOM elements that are the previous siblings of the original set of elements.\n// In this example we are getting the element with the class \"sales\" and then we are getting all its previous sibling elements and then we are asserting that there are 2 previous sibling elements.\ncy.get(\".sales\").prevAll().should(\"have.length\", \"2\");",
              "err": {},
              "uuid": "8e9e1b20-aea0-4b58-86db-7ac24706ba3a",
              "parentUUID": "22945184-9b22-417e-8e71-35af7895994e",
              "isHook": false,
              "skipped": false
            },
            {
              "title": "prevUntil() to get all previous sibling DOM elements within elements until other element",
              "fullTitle": "Traversing DOM elements in Cypress prevUntil() to get all previous sibling DOM elements within elements until other element",
              "timedOut": null,
              "duration": 697,
              "state": "passed",
              "speed": "fast",
              "pass": true,
              "fail": false,
              "pending": false,
              "context": null,
              "code": "// The command \"prevUntil()\" is used to get all previous sibling DOM elements within elements until other element. It returns a new set of DOM elements that are the previous siblings of the original set of elements until the specified element is reached.\n// In this example we are getting the element with the id \"veggie\" and then we are getting all its previous sibling elements until we reach the element with the id \"fruits\" and then we are asserting that there are 2 previous sibling elements between those two elements.\ncy.get(\"#veggie\").prevUntil(\"#fruits\").should(\"have.length\", \"5\");",
              "err": {},
              "uuid": "9f2390b5-12d7-4492-9d9d-f2b927be1eab",
              "parentUUID": "22945184-9b22-417e-8e71-35af7895994e",
              "isHook": false,
              "skipped": false
            },
            {
              "title": "siblings() To get all sibling DOM elements of elements",
              "fullTitle": "Traversing DOM elements in Cypress siblings() To get all sibling DOM elements of elements",
              "timedOut": null,
              "duration": 752,
              "state": "passed",
              "speed": "fast",
              "pass": true,
              "fail": false,
              "pending": false,
              "context": null,
              "code": "// The command \"siblings()\" is used to get all sibling DOM elements of elements. It returns a new set of DOM elements that are the siblings of the original set of elements.\n// In this example we are getting the element with the class \"traversal-button-other-states\" and then we are getting all its sibling elements and then we are asserting that there are 3 sibling elements.\ncy.get(\".traversal-button-other-states .active\").siblings().should(\"have.length\", \"3\");",
              "err": {},
              "uuid": "83246c04-4c73-4381-a1f6-45c864e627c6",
              "parentUUID": "22945184-9b22-417e-8e71-35af7895994e",
              "isHook": false,
              "skipped": false
            }
          ],
          "suites": [],
          "passes": [
            "72f4953a-4165-4aca-a741-6fce62ee77a2",
            "bf8b2e88-4604-4498-bd59-da52674a898e",
            "32cc54cd-f158-4ffb-b3f0-e61ee69fdca5",
            "8171b7ab-3e89-4c94-8ad8-a4636df96a72",
            "f176496f-5b93-4648-baec-18ec29eb9383",
            "e2a684b9-7d9a-4b48-95d6-94b13b68d17a",
            "2d108930-58e4-4fcf-a3bf-8e295655e2d1",
            "465f6d47-30d1-4b23-8ad7-7d57f02b5a3d",
            "e7b20727-fadb-44ed-9528-02c6b2b45ae7",
            "e1f905ae-4bc3-4989-bc13-4c7e8a667b08",
            "c9e96421-efc1-48b3-b2cc-5b62686f5162",
            "830248f8-c5ec-4df3-b144-29b1dc55f34a",
            "c1cb19ef-1ca9-4758-8ead-2f7a5c8f9285",
            "8e9e1b20-aea0-4b58-86db-7ac24706ba3a",
            "9f2390b5-12d7-4492-9d9d-f2b927be1eab",
            "83246c04-4c73-4381-a1f6-45c864e627c6"
          ],
          "failures": [],
          "pending": [],
          "skipped": [],
          "duration": 13120,
          "root": false,
          "rootEmpty": false,
          "_timeout": 2000
        }
      ],
      "passes": [],
      "failures": [],
      "pending": [],
      "skipped": [],
      "duration": 0,
      "root": true,
      "rootEmpty": true,
      "_timeout": 2000
    },
    {
      "uuid": "d677b142-6a83-4a20-a673-0b70ec7e8e2c",
      "title": "",
      "fullFile": "cypress\\e2e\\automation-test-store\\add-multiple-itens-to-basket.js",
      "file": "cypress\\e2e\\automation-test-store\\add-multiple-itens-to-basket.js",
      "beforeHooks": [],
      "afterHooks": [],
      "tests": [],
      "suites": [
        {
          "uuid": "397fcb91-485e-456d-b7a1-7f2c3ba6f808",
          "title": "Add multiple itens to basket",
          "fullFile": "",
          "file": "",
          "beforeHooks": [],
          "afterHooks": [],
          "tests": [
            {
              "title": "Add specific itens to basket",
              "fullTitle": "Add multiple itens to basket Add specific itens to basket",
              "timedOut": null,
[...]
              "fail": false,
              "pending": false,
              "context": null,
              "code": "// The command \"nextAll()\" is used to get all of the next sibling DOM elements within elements. It returns a new set of DOM elements that are the next siblings of the original set of elements.\n// In this example we are getting the element with the class \"traversal-drinks-list\" and then we are finding the element that contains the text \"Tea\" and then we are getting all the next siblings of that element and then we are asserting that there are 3 next siblings.\ncy.get(\".traversal-drinks-list\").contains(\"Tea\").nextAll().should(\"have.length\", \"3\");",
              "err": {},
              "uuid": "55804a0c-5e5a-4628-bd12-10a0c6d93c6b",
              "parentUUID": "cbb39198-ac24-4bcb-86c4-13b61257c013",
              "isHook": false,
              "skipped": false
            },
            {
              "title": "nextUntil() to get all of the next sibling DOM elements within elements until another element",
              "fullTitle": "Traversing DOM elements in Cypress nextUntil() to get all of the next sibling DOM elements within elements until another element",
              "timedOut": null,
              "duration": 627,
              "state": "passed",
              "speed": "fast",
              "pass": true,
              "fail": false,
              "pending": false,
              "context": null,
              "code": "// The command \"nextUntil()\" is used to get all of the next sibling DOM elements within elements until another element. It returns a new set of DOM elements that are the next siblings of the original set of elements until the specified element is reached.\n// In this example we are getting the element with the id \"coffee\" and then we are getting all the next siblings of that element until we reach the element with the id \"milk\" and then we are asserting that there is 1 next sibling between those two elements.\ncy.get(\"#coffee\").nextUntil(\"#milk\").should(\"have.length\", \"1\");",
              "err": {},
              "uuid": "60fe6b6c-23a0-4d98-b5ba-6f12b14fc4a1",
              "parentUUID": "cbb39198-ac24-4bcb-86c4-13b61257c013",
              "isHook": false,
              "skipped": false
            },
            {
              "title": "not() to remove DOM element(s) from the set of elements",
              "fullTitle": "Traversing DOM elements in Cypress not() to remove DOM element(s) from the set of elements",
              "timedOut": null,
              "duration": 622,
              "state": "passed",
              "speed": "fast",
              "pass": true,
              "fail": false,
              "pending": false,
              "context": null,
              "code": "// The command \"not()\" is used to remove DOM element(s) from the set of elements. It returns a new set of DOM elements that are the elements in the original set of elements that do not match the specified selector.\n// In this example we are getting all the \"button\" elements that are children of the element with the class \"traversal-button-states\" and then we are removing the \"button\" elements that have the class \"disabled\" and then we are asserting that the remaining \"button\" elements do not have the class \"disabled\".\ncy.get(\".traversal-button-states > button\").not(\".disabled\").should(\"not.have.class\", \"disabled\");",
              "err": {},
              "uuid": "1305de20-a30b-4ca0-b998-63b6b65dff77",
              "parentUUID": "cbb39198-ac24-4bcb-86c4-13b61257c013",
              "isHook": false,
              "skipped": false
            },
            {
              "title": "parent() To get parent DOM element of elements",
              "fullTitle": "Traversing DOM elements in Cypress parent() To get parent DOM element of elements",
              "timedOut": null,
              "duration": 656,
              "state": "passed",
              "speed": "fast",
              "pass": true,
              "fail": false,
              "pending": false,
              "context": null,
              "code": "// The command \"parent()\" is used to get the parent DOM element of elements. It returns a new set of DOM elements that are the parent of the original set of elements.\n// In this example we are getting the element with the class \"traversal-mark\" and then we are getting its parent element and then we are asserting that the parent element contains the text \"Lorem ipsum dolor sit amet\".\ncy.get(\".traversal-mark\").parent().should(\"contain\", \"Lorem ipsum dolor sit amet\");",
              "err": {},
              "uuid": "16e6b9de-af4f-4995-ae09-70412b0da213",
              "parentUUID": "cbb39198-ac24-4bcb-86c4-13b61257c013",
              "isHook": false,
              "skipped": false
            },
            {
              "title": "parents() to get parents DOM element of elements",
              "fullTitle": "Traversing DOM elements in Cypress parents() to get parents DOM element of elements",
              "timedOut": null,
              "duration": 628,
              "state": "passed",
              "speed": "fast",
              "pass": true,
              "fail": false,
              "pending": false,
              "context": null,
              "code": "// The command \"parents()\" is used to get the parents DOM element of elements. It returns a new set of DOM elements that are the parents of the original set of elements.\n// In this example we are getting the element with the class \"traversal-citie\" and then we are getting all its parent elements and then we are asserting that one of the parent elements is a \"blockquote\" element.\ncy.get(\".traversal-cite\").parents().should(\"match\", \"blockquote\");",
              "err": {},
              "uuid": "88528eec-5713-4acb-b926-0ed9fcf1667e",
              "parentUUID": "cbb39198-ac24-4bcb-86c4-13b61257c013",
              "isHook": false,
              "skipped": false
            },
            {
              "title": "prev() to get the previous sibling DOM element within elements",
              "fullTitle": "Traversing DOM elements in Cypress prev() to get the previous sibling DOM element within elements",
              "timedOut": null,
              "duration": 680,
              "state": "passed",
              "speed": "fast",
              "pass": true,
              "fail": false,
              "pending": false,
              "context": null,
              "code": "// The command \"prev()\" is used to get the previous sibling DOM element within elements. It returns a new set of DOM elements that are the previous sibling of the original set of elements.\n// In this example we are getting the element with the id \"sugar\" and then we are getting its previous sibling element and then we are asserting that the previous sibling element contains the text \"Espresso\".\ncy.get(\"#sugar\").prev().should(\"contain\", \"Espresso\");",
              "err": {},
              "uuid": "dc580516-9d63-46d2-8c8d-365876c141cf",
              "parentUUID": "cbb39198-ac24-4bcb-86c4-13b61257c013",
              "isHook": false,
              "skipped": false
            },
            {
              "title": "prevAll() to get all previous sibling DOM elements within elements",
              "fullTitle": "Traversing DOM elements in Cypress prevAll() to get all previous sibling DOM elements within elements",
              "timedOut": null,
              "duration": 665,
              "state": "passed",
              "speed": "fast",
              "pass": true,
              "fail": false,
              "pending": false,
              "context": null,
              "code": "// The command \"prevAll()\" is used to get all previous sibling DOM elements within elements. It returns a new set of DOM elements that are the previous siblings of the original set of elements.\n// In this example we are getting the element with the class \"sales\" and then we are getting all its previous sibling elements and then we are asserting that there are 2 previous sibling elements.\ncy.get(\".sales\").prevAll().should(\"have.length\", \"2\");",
              "err": {},
              "uuid": "fbbfd257-de20-4f59-b859-2ca963b5858a",
              "parentUUID": "cbb39198-ac24-4bcb-86c4-13b61257c013",
              "isHook": false,
              "skipped": false
            },
            {
              "title": "prevUntil() to get all previous sibling DOM elements within elements until other element",
              "fullTitle": "Traversing DOM elements in Cypress prevUntil() to get all previous sibling DOM elements within elements until other element",
              "timedOut": null,
              "duration": 662,
              "state": "passed",
              "speed": "fast",
              "pass": true,
              "fail": false,
              "pending": false,
              "context": null,
              "code": "// The command \"prevUntil()\" is used to get all previous sibling DOM elements within elements until other element. It returns a new set of DOM elements that are the previous siblings of the original set of elements until the specified element is reached.\n// In this example we are getting the element with the id \"veggie\" and then we are getting all its previous sibling elements until we reach the element with the id \"fruits\" and then we are asserting that there are 2 previous sibling elements between those two elements.\ncy.get(\"#veggie\").prevUntil(\"#fruits\").should(\"have.length\", \"5\");",
              "err": {},
              "uuid": "d55cc2c3-ff37-4da3-b282-25f0f14791fd",
              "parentUUID": "cbb39198-ac24-4bcb-86c4-13b61257c013",
              "isHook": false,
              "skipped": false
            },
            {
              "title": "siblings() To get all sibling DOM elements of elements",
              "fullTitle": "Traversing DOM elements in Cypress siblings() To get all sibling DOM elements of elements",
              "timedOut": null,
              "duration": 629,
              "state": "passed",
              "speed": "fast",
              "pass": true,
              "fail": false,
              "pending": false,
              "context": null,
              "code": "// The command \"siblings()\" is used to get all sibling DOM elements of elements. It returns a new set of DOM elements that are the siblings of the original set of elements.\n// In this example we are getting the element with the class \"traversal-button-other-states\" and then we are getting all its sibling elements and then we are asserting that there are 3 sibling elements.\ncy.get(\".traversal-button-other-states .active\").siblings().should(\"have.length\", \"3\");",
              "err": {},
              "uuid": "e670ac90-b9e8-43a9-b4a1-f69b1f81e5cc",
              "parentUUID": "cbb39198-ac24-4bcb-86c4-13b61257c013",
              "isHook": false,
              "skipped": false
            }
          ],
          "suites": [],
          "passes": [
            "4be5ec2f-b478-4fe9-9fbf-a7c01aa1e650",
            "30027d7a-4e4a-439f-98d0-16d226b68e0b",
            "629fb5ae-7ac9-4357-8611-f35eb42783f4",
            "0c21a3d9-7e05-49b6-a853-1d624582c555",
            "4f060450-770a-4ad6-938e-5c47985cac32",
            "d57ced00-0e58-4aea-b4f2-79846294ac83",
            "04ccb2db-9413-47dc-936e-84b098117b5c",
            "55804a0c-5e5a-4628-bd12-10a0c6d93c6b",
            "60fe6b6c-23a0-4d98-b5ba-6f12b14fc4a1",
            "1305de20-a30b-4ca0-b998-63b6b65dff77",
            "16e6b9de-af4f-4995-ae09-70412b0da213",
            "88528eec-5713-4acb-b926-0ed9fcf1667e",
            "dc580516-9d63-46d2-8c8d-365876c141cf",
            "fbbfd257-de20-4f59-b859-2ca963b5858a",
            "d55cc2c3-ff37-4da3-b282-25f0f14791fd",
            "e670ac90-b9e8-43a9-b4a1-f69b1f81e5cc"
          ],
          "failures": [],
          "pending": [],
          "skipped": [],
          "duration": 13160,
          "root": false,
          "rootEmpty": false,
          "_timeout": 2000
        }
      ],
      "passes": [],
      "failures": [],
      "pending": [],
      "skipped": [],
      "duration": 0,
      "root": true,
      "rootEmpty": true,
      "_timeout": 2000
    },
    {
      "uuid": "959c8351-327c-480a-b5e9-ea30a3eb75e2",
      "title": "",
      "fullFile": "cypress\\e2e\\other\\hooks.js",
      "file": "cypress\\e2e\\other\\hooks.js",
      "beforeHooks": [],
      "afterHooks": [],
      "tests": [],
      "suites": [
        {
          "uuid": "a784c99b-6714-44d2-8f49-a1851077d23e",
          "title": "Hooks",
          "fullFile": "",
          "file": "",
          "beforeHooks": [],
          "afterHooks": [],
          "tests": [
            {
              "title": "Example test1",
              "fullTitle": "Hooks Example test1",
              "timedOut": null,
              "duration": 53,
              "state": "passed",
              "speed": "fast",
              "pass": true,
              "fail": false,
              "pending": false,
              "context": null,
              "code": "cy.log(\"Example test1!\");",
              "err": {},
              "uuid": "8c490c71-6262-4a82-aa14-397179f006d1",
              "parentUUID": "a784c99b-6714-44d2-8f49-a1851077d23e",
              "isHook": false,
              "skipped": false
            },
            {
              "title": "Example test2",
              "fullTitle": "Hooks Example test2",
              "timedOut": null,
              "duration": 14,
              "state": "passed",
              "speed": "fast",
              "pass": true,
              "fail": false,
              "pending": false,
              "context": null,
              "code": "cy.log(\"Example test2!\");",
              "err": {},
              "uuid": "a2118f88-c37c-4fe8-bb32-c2be02042434",
              "parentUUID": "a784c99b-6714-44d2-8f49-a1851077d23e",
              "isHook": false,
              "skipped": false
            }
          ],
          "suites": [],
          "passes": [
            "8c490c71-6262-4a82-aa14-397179f006d1",
            "a2118f88-c37c-4fe8-bb32-c2be02042434"
          ],
          "failures": [],
          "pending": [],
          "skipped": [],
          "duration": 67,
          "root": false,
          "rootEmpty": false,
          "_timeout": 2000
        }
      ],
      "passes": [],
      "failures": [],
      "pending": [],
      "skipped": [],
      "duration": 0,
      "root": true,
      "rootEmpty": true,
      "_timeout": 2000
    },
    {
      "uuid": "b4c44aa4-a977-490b-8d9d-4ffb9bab03c6",
      "title": "",
      "fullFile": "cypress\\e2e\\other\\same-origin-policy.js",
      "file": "cypress\\e2e\\other\\same-origin-policy.js",
      "beforeHooks": [],
      "afterHooks": [],
      "tests": [],
      "suites": [
        {
          "uuid": "9a2bda59-a458-4973-b11d-d24070467705",
          "title": "Cypress web security",
          "fullFile": "",
          "file": "",
          "beforeHooks": [],
          "afterHooks": [],
          "tests": [
            {
              "title": "Validating visiting two different domains",
              "fullTitle": "Cypress web security Validating visiting two different domains",
              "timedOut": null,
              "duration": 8510,
              "state": "passed",
              "speed": "medium",
              "pass": true,
              "fail": false,
              "pending": false,
              "context": null,
              "code": "cy.visit(\"http://www.webdriveruniversity.com/\");\ncy.origin(\"https://automationteststore.com/\", () => {\n  cy.visit(\"/\");\n});",
              "err": {},
              "uuid": "483db38e-bcce-4fa6-8c03-9512cfaadfac",
              "parentUUID": "9a2bda59-a458-4973-b11d-d24070467705",
              "isHook": false,
              "skipped": false
            },
            {
              "title": "Validating visiting two different domains via user actions",
              "fullTitle": "Cypress web security Validating visiting two different domains via user actions",
              "timedOut": null,
              "duration": 2514,
              "state": "passed",
              "speed": "fast",
              "pass": true,
              "fail": false,
              "pending": false,
              "context": null,
              "code": "cy.visit(\"http://www.webdriveruniversity.com/\");\n// This method works beacuse we are removing the target attribute which forces the link to open in the same tab\n// And we remove the google security policy so its not triggered\ncy.get(\"#automation-test-store\").invoke(\"removeAttr\", \"target\").click({\n  force: true\n});",
              "err": {},
              "uuid": "91f434d8-6524-4968-8220-86740283bcd9",
              "parentUUID": "9a2bda59-a458-4973-b11d-d24070467705",
              "isHook": false,
              "skipped": false
            }
          ],
          "suites": [],
          "passes": [
            "483db38e-bcce-4fa6-8c03-9512cfaadfac",
            "91f434d8-6524-4968-8220-86740283bcd9"
          ],
          "failures": [],
          "pending": [],
          "skipped": [],
          "duration": 11024,
          "root": false,
          "rootEmpty": false,
          "_timeout": 2000
        }
      ],
      "passes": [],
      "failures": [],
      "pending": [],
      "skipped": [],
      "duration": 0,
      "root": true,
      "rootEmpty": true,
      "_timeout": 2000
    },
    {
      "uuid": "c721dc52-55ae-43e4-8e72-8e9de0028e31",
      "title": "",
      "fullFile": "cypress\\e2e\\automation-test-store\\add-multiple-itens-to-basket.js",
      "file": "cypress\\e2e\\automation-test-store\\add-multiple-itens-to-basket.js",
      "beforeHooks": [],
      "afterHooks": [],
      "tests": [],
      "suites": [
        {
          "uuid": "b102f7b8-5469-4d0c-a4c7-25ccb687d834",
          "title": "Add multiple itens to basket",
          "fullFile": "",
          "file": "",
          "beforeHooks": [],
          "afterHooks": [],
          "tests": [
            {
              "title": "Add specific itens to basket",
              "fullTitle": "Add multiple itens to basket Add specific itens to basket",
              "timedOut": null,
              "duration": 11048,
              "state": "passed",
              "speed": "slow",
              "pass": true,
              "fail": false,
              "pending": false,
              "context": null,
              "code": "autoStore_Haircare.addHairCareProductsToBasket();",
              "err": {},
              "uuid": "047b05b1-a7bf-4a51-8eeb-fedff30da3cc",
              "parentUUID": "b102f7b8-5469-4d0c-a4c7-25ccb687d834",
              "isHook": false,
              "skipped": false
            }
          ],
          "suites": [],
          "passes": [
            "047b05b1-a7bf-4a51-8eeb-fedff30da3cc"
          ],
          "failures": [],
          "pending": [],
          "skipped": [],
          "duration": 11048,
          "root": false,
          "rootEmpty": false,
          "_timeout": 2000
        }
      ],
      "passes": [],
      "failures": [],
      "pending": [],
      "skipped": [],
      "duration": 0,
      "root": true,
      "rootEmpty": true,
      "_timeout": 2000
    }
  ],
  "meta": {
    "mocha": {
      "version": "7.2.0"
    },
    "mochawesome": {
      "options": {
        "quiet": false,
        "reportFilename": "mochawesome",
        "saveHtml": false,
        "saveJson": true,
        "consoleReporter": "spec",
        "useInlineDiffs": false,
        "code": true
      },
      "version": "7.1.4"
    },
    "marge": {
      "options": {
        "id": "default",
        "reportDir": "cypress/results/mochawesome",
        "quite": true,
        "overwrite": false,
        "html": false,
        "json": true
      },
      "version": "6.3.2"
    }
  }
}