{
  "stats": {
    "suites": 1,
    "tests": 2,
    "passes": 2,
    "pending": 0,
    "failures": 0,
    "start": "2026-02-12T23:04:39.503Z",
    "end": "2026-02-12T23:04:39.649Z",
    "duration": 146,
    "testsRegistered": 2,
    "passPercent": 100,
    "pendingPercent": 0,
    "other": 0,
    "hasOther": false,
    "skipped": 0,
    "hasSkipped": false
  },
  "results": [
    {
      "uuid": "50d26b90-4846-4ebd-ae69-4756c939cd2d",
      "title": "",
      "fullFile": "cypress\\e2e\\other\\hooks.js",
      "file": "cypress\\e2e\\other\\hooks.js",
      "beforeHooks": [],
      "afterHooks": [],
      "tests": [],
      "suites": [
        {
          "uuid": "cf979018-993a-4cda-a02f-359460ac773a",
          "title": "Hooks",
          "fullFile": "",
          "file": "",
          "beforeHooks": [],
          "afterHooks": [],
          "tests": [
            {
              "title": "Example test1",
              "fullTitle": "Hooks Example test1",
              "timedOut": null,
              "duration": 68,
              "state": "passed",
              "speed": "fast",
              "pass": true,
              "fail": false,
              "pending": false,
              "context": null,
              "code": "cy.log(\"Example test1!\");",
              "err": {},
              "uuid": "99ae8ef3-bf51-477d-a00b-8273c235e331",
              "parentUUID": "cf979018-993a-4cda-a02f-359460ac773a",
              "isHook": false,
              "skipped": false
            },
            {
              "title": "Example test2",
              "fullTitle": "Hooks Example test2",
              "timedOut": null,
              "duration": 21,
              "state": "passed",
              "speed": "fast",
              "pass": true,
              "fail": false,
              "pending": false,
              "context": null,
              "code": "cy.log(\"Example test2!\");",
              "err": {},
              "uuid": "c0ac8759-98e8-4fa6-bef5-635023f7b3c0",
              "parentUUID": "cf979018-993a-4cda-a02f-359460ac773a",
              "isHook": false,
              "skipped": false
            }
          ],
          "suites": [],
          "passes": [
            "99ae8ef3-bf51-477d-a00b-8273c235e331",
            "c0ac8759-98e8-4fa6-bef5-635023f7b3c0"
          ],
          "failures": [],
          "pending": [],
          "skipped": [],
          "duration": 89,
          "root": false,
          "rootEmpty": false,
          "_timeout": 2000
        }
      ],
      "passes": [],
      "failures": [],
      "pending": [],
      "skipped": [],
      "duration": 0,
      "root": true,
      "rootEmpty": true,
      "_timeout": 2000
    }
  ],
  "meta": {
    "mocha": {
      "version": "7.2.0"
    },
    "mochawesome": {
      "options": {
        "quiet": false,
        "reportFilename": "mochawesome",
        "saveHtml": false,
        "saveJson": true,
        "consoleReporter": "spec",
        "useInlineDiffs": false,
        "code": true
      },
      "version": "7.1.4"
    },
    "marge": {
      "options": {
        "id": "default",
        "reportDir": "cypress/results/mochawesome",
        "quite": true,
        "overwrite": false,
        "html": false,
        "json": true
      },
      "version": "6.3.2"
    }
  }
}