{
  "stats": {
    "suites": 1,
    "tests": 4,
    "passes": 4,
    "pending": 0,
    "failures": 0,
    "start": "2026-02-12T23:21:55.312Z",
    "end": "2026-02-12T23:22:00.422Z",
    "duration": 5110,
    "testsRegistered": 4,
    "passPercent": 100,
    "pendingPercent": 0,
    "other": 0,
    "hasOther": false,
    "skipped": 0,
    "hasSkipped": false
  },
  "results": [
    {
      "uuid": "13cc0d6a-039e-49df-9439-943f05b06825",
      "title": "",
      "fullFile": "cypress\\e2e\\webdriver-uni\\js-alerts.js",
      "file": "cypress\\e2e\\webdriver-uni\\js-alerts.js",
      "beforeHooks": [],
      "afterHooks": [],
      "tests": [],
      "suites": [
        {
          "uuid": "354f6001-42c6-4ae6-8389-a14295516335",
          "title": "Handle js alerts",
          "fullFile": "",
          "file": "",
          "beforeHooks": [],
          "afterHooks": [],
          "tests": [
            {
              "title": "Confirm the js alert contains the correct text",
              "fullTitle": "Handle js alerts Confirm the js alert contains the correct text",
              "timedOut": null,
              "duration": 2832,
              "state": "passed",
              "speed": "fast",
              "pass": true,
              "fail": false,
              "pending": false,
              "context": null,
              "code": "cy.get(\"#button1\").click();\ncy.on(\"window:alert\", str => {\n  expect(str).to.eq(\"I am an alert box!\");\n});",
              "err": {},
              "uuid": "4bd62967-2879-4c29-befc-b2686af72651",
              "parentUUID": "354f6001-42c6-4ae6-8389-a14295516335",
              "isHook": false,
              "skipped": false
            },
            {
              "title": "Validate js confirm alert box works correctly when clicks ok",
              "fullTitle": "Handle js alerts Validate js confirm alert box works correctly when clicks ok",
              "timedOut": null,
              "duration": 744,
              "state": "passed",
              "speed": "fast",
              "pass": true,
              "fail": false,
              "pending": false,
              "context": null,
              "code": "cy.get(\"#button4\").click();\ncy.on(\"window:alert\", str => {\n  // When we return true the alert is accepted (clicked ok)\n  return true;\n});\ncy.get(\"#confirm-alert-text\").contains(\"You pressed OK!\");",
              "err": {},
              "uuid": "89c07256-ac59-466b-9a21-dd37a261e511",
              "parentUUID": "354f6001-42c6-4ae6-8389-a14295516335",
              "isHook": false,
              "skipped": false
            },
            {
              "title": "Validate js confirm alert box works correctly when clicks cancel",
              "fullTitle": "Handle js alerts Validate js confirm alert box works correctly when clicks cancel",
              "timedOut": null,
              "duration": 707,
              "state": "passed",
              "speed": "fast",
              "pass": true,
              "fail": false,
              "pending": false,
              "context": null,
              "code": "cy.get(\"#button4\").click();\ncy.on(\"window:confirm\", str => {\n  // When we return true the alert is accepted (clicked ok)\n  return false;\n});\ncy.get(\"#confirm-alert-text\").contains(\"You pressed Cancel!\");",
              "err": {},
              "uuid": "10afc48c-1154-47b7-a125-ac2f9e03cb91",
              "parentUUID": "354f6001-42c6-4ae6-8389-a14295516335",
              "isHook": false,
              "skipped": false
            },
            {
              "title": "Validate js confirm alert box using a stub",
              "fullTitle": "Handle js alerts Validate js confirm alert box using a stub",
              "timedOut": null,
              "duration": 708,
              "state": "passed",
              "speed": "fast",
              "pass": true,
              "fail": false,
              "pending": false,
              "context": null,
              "code": "const stub = cy.stub();\ncy.on(\"window:confirm\", stub);\ncy.get(\"#button4\").click().then(() => {\n  expect(stub.getCall(0)).to.be.calledWith(\"Press a button!\");\n}).then(() => {\n  return true;\n}).then(() => {\n  cy.get(\"#confirm-alert-text\").contains(\"You pressed OK!\");\n});",
              "err": {},
              "uuid": "d01a783d-fba9-4a54-8c93-0cb5f4450709",
              "parentUUID": "354f6001-42c6-4ae6-8389-a14295516335",
              "isHook": false,
              "skipped": false
            }
          ],
          "suites": [],
          "passes": [
            "4bd62967-2879-4c29-befc-b2686af72651",
            "89c07256-ac59-466b-9a21-dd37a261e511",
            "10afc48c-1154-47b7-a125-ac2f9e03cb91",
            "d01a783d-fba9-4a54-8c93-0cb5f4450709"
          ],
          "failures": [],
          "pending": [],
          "skipped": [],
          "duration": 4991,
          "root": false,
          "rootEmpty": false,
          "_timeout": 2000
        }
      ],
      "passes": [],
      "failures": [],
      "pending": [],
      "skipped": [],
      "duration": 0,
      "root": true,
      "rootEmpty": true,
      "_timeout": 2000
    }
  ],
  "meta": {
    "mocha": {
      "version": "7.2.0"
    },
    "mochawesome": {
      "options": {
        "quiet": false,
        "reportFilename": "mochawesome",
        "saveHtml": false,
        "saveJson": true,
        "consoleReporter": "spec",
        "useInlineDiffs": false,
        "code": true
      },
      "version": "7.1.4"
    },
    "marge": {
      "options": {
        "id": "default",
        "reportDir": "cypress/results/mochawesome",
        "quite": true,
        "overwrite": false,
        "html": false,
        "json": true
      },
      "version": "6.3.2"
    }
  }
}