{
  "stats": {
    "suites": 1,
    "tests": 2,
    "passes": 2,
    "pending": 0,
    "failures": 0,
    "start": "2026-02-12T23:21:41.389Z",
    "end": "2026-02-12T23:21:45.490Z",
    "duration": 4101,
    "testsRegistered": 2,
    "passPercent": 100,
    "pendingPercent": 0,
    "other": 0,
    "hasOther": false,
    "skipped": 0,
    "hasSkipped": false
  },
  "results": [
    {
      "uuid": "58292403-d036-4575-afe8-8a8fc37b8e4b",
      "title": "",
      "fullFile": "cypress\\e2e\\webdriver-uni\\file-upload.js",
      "file": "cypress\\e2e\\webdriver-uni\\file-upload.js",
      "beforeHooks": [],
      "afterHooks": [],
      "tests": [],
      "suites": [
        {
          "uuid": "33012bb5-38b1-4dfc-98fa-78ef4b101663",
          "title": "Test file upload via webdriveruni",
          "fullFile": "",
          "file": "",
          "beforeHooks": [],
          "afterHooks": [],
          "tests": [
            {
              "title": "upload a file...",
              "fullTitle": "Test file upload via webdriveruni upload a file...",
              "timedOut": null,
              "duration": 3090,
              "state": "passed",
              "speed": "fast",
              "pass": true,
              "fail": false,
              "pending": false,
              "context": null,
              "code": "cy.get('[name=\"filename\"]').selectFile(\"cypress/fixtures/laptop.png\");\ncy.get(\"#submit-button\").click();",
              "err": {},
              "uuid": "2d50b320-f7c1-4013-98ae-392ca14b9cf0",
              "parentUUID": "33012bb5-38b1-4dfc-98fa-78ef4b101663",
              "isHook": false,
              "skipped": false
            },
            {
              "title": "upload a no file...",
              "fullTitle": "Test file upload via webdriveruni upload a no file...",
              "timedOut": null,
              "duration": 916,
              "state": "passed",
              "speed": "fast",
              "pass": true,
              "fail": false,
              "pending": false,
              "context": null,
              "code": "cy.get(\"#submit-button\").click();",
              "err": {},
              "uuid": "6d62afdd-cdd5-491c-84cb-ea399d1ea4b8",
              "parentUUID": "33012bb5-38b1-4dfc-98fa-78ef4b101663",
              "isHook": false,
              "skipped": false
            }
          ],
          "suites": [],
          "passes": [
            "2d50b320-f7c1-4013-98ae-392ca14b9cf0",
            "6d62afdd-cdd5-491c-84cb-ea399d1ea4b8"
          ],
          "failures": [],
          "pending": [],
          "skipped": [],
          "duration": 4006,
          "root": false,
          "rootEmpty": false,
          "_timeout": 2000
        }
      ],
      "passes": [],
      "failures": [],
      "pending": [],
      "skipped": [],
      "duration": 0,
      "root": true,
      "rootEmpty": true,
      "_timeout": 2000
    }
  ],
  "meta": {
    "mocha": {
      "version": "7.2.0"
    },
    "mochawesome": {
      "options": {
        "quiet": false,
        "reportFilename": "mochawesome",
        "saveHtml": false,
        "saveJson": true,
        "consoleReporter": "spec",
        "useInlineDiffs": false,
        "code": true
      },
      "version": "7.1.4"
    },
    "marge": {
      "options": {
        "id": "default",
        "reportDir": "cypress/results/mochawesome",
        "quite": true,
        "overwrite": false,
        "html": false,
        "json": true
      },
      "version": "6.3.2"
    }
  }
}