{
  "stats": {
    "suites": 1,
    "tests": 1,
    "passes": 1,
    "pending": 0,
    "failures": 0,
    "start": "2026-02-12T23:19:02.761Z",
    "end": "2026-02-12T23:19:17.016Z",
    "duration": 14255,
    "testsRegistered": 1,
    "passPercent": 100,
    "pendingPercent": 0,
    "other": 0,
    "hasOther": false,
    "skipped": 0,
    "hasSkipped": false
  },
  "results": [
    {
      "uuid": "d677b142-6a83-4a20-a673-0b70ec7e8e2c",
      "title": "",
      "fullFile": "cypress\\e2e\\automation-test-store\\add-multiple-itens-to-basket.js",
      "file": "cypress\\e2e\\automation-test-store\\add-multiple-itens-to-basket.js",
      "beforeHooks": [],
      "afterHooks": [],
      "tests": [],
      "suites": [
        {
          "uuid": "397fcb91-485e-456d-b7a1-7f2c3ba6f808",
          "title": "Add multiple itens to basket",
          "fullFile": "",
          "file": "",
          "beforeHooks": [],
          "afterHooks": [],
          "tests": [
            {
              "title": "Add specific itens to basket",
              "fullTitle": "Add multiple itens to basket Add specific itens to basket",
              "timedOut": null,
              "duration": 10578,
              "state": "passed",
              "speed": "slow",
              "pass": true,
              "fail": false,
              "pending": false,
              "context": null,
              "code": "autoStore_Haircare.addHairCareProductsToBasket();",
              "err": {},
              "uuid": "9a6952c8-9a88-41a7-a38a-ab62cd5f9b95",
              "parentUUID": "397fcb91-485e-456d-b7a1-7f2c3ba6f808",
              "isHook": false,
              "skipped": false
            }
          ],
          "suites": [],
          "passes": [
            "9a6952c8-9a88-41a7-a38a-ab62cd5f9b95"
          ],
          "failures": [],
          "pending": [],
          "skipped": [],
          "duration": 10578,
          "root": false,
          "rootEmpty": false,
          "_timeout": 2000
        }
      ],
      "passes": [],
      "failures": [],
      "pending": [],
      "skipped": [],
      "duration": 0,
      "root": true,
      "rootEmpty": true,
      "_timeout": 2000
    }
  ],
  "meta": {
    "mocha": {
      "version": "7.2.0"
    },
    "mochawesome": {
      "options": {
        "quiet": false,
        "reportFilename": "mochawesome",
        "saveHtml": false,
        "saveJson": true,
        "consoleReporter": "spec",
        "useInlineDiffs": false,
        "code": true
      },
      "version": "7.1.4"
    },
    "marge": {
      "options": {
        "id": "default",
        "reportDir": "cypress/results/mochawesome",
        "quite": true,
        "overwrite": false,
        "html": false,
        "json": true
      },
      "version": "6.3.2"
    }
  }
}