{
  "stats": {
    "suites": 1,
    "tests": 2,
    "passes": 2,
    "pending": 0,
    "failures": 0,
    "start": "2026-02-12T23:22:40.390Z",
    "end": "2026-02-12T23:22:51.552Z",
    "duration": 11162,
    "testsRegistered": 2,
    "passPercent": 100,
    "pendingPercent": 0,
    "other": 0,
    "hasOther": false,
    "skipped": 0,
    "hasSkipped": false
  },
  "results": [
    {
      "uuid": "b4c44aa4-a977-490b-8d9d-4ffb9bab03c6",
      "title": "",
      "fullFile": "cypress\\e2e\\other\\same-origin-policy.js",
      "file": "cypress\\e2e\\other\\same-origin-policy.js",
      "beforeHooks": [],
      "afterHooks": [],
      "tests": [],
      "suites": [
        {
          "uuid": "9a2bda59-a458-4973-b11d-d24070467705",
          "title": "Cypress web security",
          "fullFile": "",
          "file": "",
          "beforeHooks": [],
          "afterHooks": [],
          "tests": [
            {
              "title": "Validating visiting two different domains",
              "fullTitle": "Cypress web security Validating visiting two different domains",
              "timedOut": null,
              "duration": 8510,
              "state": "passed",
              "speed": "medium",
              "pass": true,
              "fail": false,
              "pending": false,
              "context": null,
              "code": "cy.visit(\"http://www.webdriveruniversity.com/\");\ncy.origin(\"https://automationteststore.com/\", () => {\n  cy.visit(\"/\");\n});",
              "err": {},
              "uuid": "483db38e-bcce-4fa6-8c03-9512cfaadfac",
              "parentUUID": "9a2bda59-a458-4973-b11d-d24070467705",
              "isHook": false,
              "skipped": false
            },
            {
              "title": "Validating visiting two different domains via user actions",
              "fullTitle": "Cypress web security Validating visiting two different domains via user actions",
              "timedOut": null,
              "duration": 2514,
              "state": "passed",
              "speed": "fast",
              "pass": true,
              "fail": false,
              "pending": false,
              "context": null,
              "code": "cy.visit(\"http://www.webdriveruniversity.com/\");\n// This method works beacuse we are removing the target attribute which forces the link to open in the same tab\n// And we remove the google security policy so its not triggered\ncy.get(\"#automation-test-store\").invoke(\"removeAttr\", \"target\").click({\n  force: true\n});",
              "err": {},
              "uuid": "91f434d8-6524-4968-8220-86740283bcd9",
              "parentUUID": "9a2bda59-a458-4973-b11d-d24070467705",
              "isHook": false,
              "skipped": false
            }
          ],
          "suites": [],
          "passes": [
            "483db38e-bcce-4fa6-8c03-9512cfaadfac",
            "91f434d8-6524-4968-8220-86740283bcd9"
          ],
          "failures": [],
          "pending": [],
          "skipped": [],
          "duration": 11024,
          "root": false,
          "rootEmpty": false,
          "_timeout": 2000
        }
      ],
      "passes": [],
      "failures": [],
      "pending": [],
      "skipped": [],
      "duration": 0,
      "root": true,
      "rootEmpty": true,
      "_timeout": 2000
    }
  ],
  "meta": {
    "mocha": {
      "version": "7.2.0"
    },
    "mochawesome": {
      "options": {
        "quiet": false,
        "reportFilename": "mochawesome",
        "saveHtml": false,
        "saveJson": true,
        "consoleReporter": "spec",
        "useInlineDiffs": false,
        "code": true
      },
      "version": "7.1.4"
    },
    "marge": {
      "options": {
        "id": "default",
        "reportDir": "cypress/results/mochawesome",
        "quite": true,
        "overwrite": false,
        "html": false,
        "json": true
      },
      "version": "6.3.2"
    }
  }
}