{
  "stats": {
    "suites": 1,
    "tests": 1,
    "passes": 1,
    "pending": 0,
    "failures": 0,
    "start": "2026-02-12T23:06:20.032Z",
    "end": "2026-02-12T23:06:21.866Z",
    "duration": 1834,
    "testsRegistered": 1,
    "passPercent": 100,
    "pendingPercent": 0,
    "other": 0,
    "hasOther": false,
    "skipped": 0,
    "hasSkipped": false
  },
  "results": [
    {
      "uuid": "8fd3e5b0-16f3-41f0-85c4-9e3681c14225",
      "title": "",
      "fullFile": "cypress\\e2e\\webdriver-uni\\selector-examples.js",
      "file": "cypress\\e2e\\webdriver-uni\\selector-examples.js",
      "beforeHooks": [],
      "afterHooks": [],
      "tests": [],
      "suites": [
        {
          "uuid": "d00c3b3e-fbd4-44b7-92bd-65ceea5b9585",
          "title": "Selector Examples on WebDriverUni",
          "fullFile": "",
          "file": "",
          "beforeHooks": [],
          "afterHooks": [],
          "tests": [
            {
              "title": "Examples of  selectors via WebDriverUni",
              "fullTitle": "Selector Examples on WebDriverUni Examples of  selectors via WebDriverUni",
              "timedOut": null,
              "duration": 1731,
              "state": "passed",
              "speed": "fast",
              "pass": true,
              "fail": false,
              "pending": false,
              "context": null,
              "code": "cy.visit(\"/Contact-Us/contactus.html\");\n// Pelo nome da tag\ncy.get(\"input\");\n// Pelos atributos de dentro da tag\ncy.get(\"input[name='first_name']\");\n// Pelo ID\ncy.get(\"#contact_me\");\n// Pela classe\ncy.get(\".feedback-input\");\n// Por várias classes\ncy.get(\"[class='navbar navbar-inverse navbar-fixed-top']\");\n// Por atributos diferentes\ncy.get(\"input[name='email'][placeholder='Email Address']\");\n// Pelo xpath (necessita do plugin cypress-xpath)\ncy.xpath(\"//input[@name='first_name']\");",
              "err": {},
              "uuid": "6f9611c2-c01b-4ad9-b18e-20233050abe8",
              "parentUUID": "d00c3b3e-fbd4-44b7-92bd-65ceea5b9585",
              "isHook": false,
              "skipped": false
            }
          ],
          "suites": [],
          "passes": [
            "6f9611c2-c01b-4ad9-b18e-20233050abe8"
          ],
          "failures": [],
          "pending": [],
          "skipped": [],
          "duration": 1731,
          "root": false,
          "rootEmpty": false,
          "_timeout": 2000
        }
      ],
      "passes": [],
      "failures": [],
      "pending": [],
      "skipped": [],
      "duration": 0,
      "root": true,
      "rootEmpty": true,
      "_timeout": 2000
    }
  ],
  "meta": {
    "mocha": {
      "version": "7.2.0"
    },
    "mochawesome": {
      "options": {
        "quiet": false,
        "reportFilename": "mochawesome",
        "saveHtml": false,
        "saveJson": true,
        "consoleReporter": "spec",
        "useInlineDiffs": false,
        "code": true
      },
      "version": "7.1.4"
    },
    "marge": {
      "options": {
        "id": "default",
        "reportDir": "cypress/results/mochawesome",
        "quite": true,
        "overwrite": false,
        "html": false,
        "json": true
      },
      "version": "6.3.2"
    }
  }
}