{
  "stats": {
    "suites": 1,
    "tests": 16,
    "passes": 16,
    "pending": 0,
    "failures": 0,
    "start": "2026-02-12T23:22:18.704Z",
    "end": "2026-02-12T23:22:35.039Z",
    "duration": 16335,
    "testsRegistered": 16,
    "passPercent": 100,
    "pendingPercent": 0,
    "other": 0,
    "hasOther": false,
    "skipped": 0,
    "hasSkipped": false
  },
  "results": [
    {
      "uuid": "da7e29c8-8801-4d7a-9dcc-9d2f5b5d63e2",
      "title": "",
      "fullFile": "cypress\\e2e\\webdriver-uni\\traversing-elements.js",
      "file": "cypress\\e2e\\webdriver-uni\\traversing-elements.js",
      "beforeHooks": [],
      "afterHooks": [],
      "tests": [],
      "suites": [
        {
          "uuid": "cbb39198-ac24-4bcb-86c4-13b61257c013",
          "title": "Traversing DOM elements in Cypress",
          "fullFile": "",
          "file": "",
          "beforeHooks": [],
          "afterHooks": [],
          "tests": [
            {
              "title": "children() to get the children of DOM elements",
              "fullTitle": "Traversing DOM elements in Cypress children() to get the children of DOM elements",
              "timedOut": null,
              "duration": 3479,
              "state": "passed",
              "speed": "fast",
              "pass": true,
              "fail": false,
              "pending": false,
              "context": null,
              "code": "// The command \"children()\" is used to get the children of DOM elements. It returns a new set of DOM elements that are the children of the original set of elements.\n// In this example we are getting the children from the class \"traversal-breadcrumb\" and then we are asserting that the child with the class \"active\" and contains the text \"Contact Us\".\ncy.get(\".traversal-breadcrumb\").children(\".active\").should(\"contain\", \"Contact Us\");",
              "err": {},
              "uuid": "4be5ec2f-b478-4fe9-9fbf-a7c01aa1e650",
              "parentUUID": "cbb39198-ac24-4bcb-86c4-13b61257c013",
              "isHook": false,
              "skipped": false
            },
            {
              "title": "closest() to validate the closest ancestor DOM element",
              "fullTitle": "Traversing DOM elements in Cypress closest() to validate the closest ancestor DOM element",
              "timedOut": null,
              "duration": 647,
              "state": "passed",
              "speed": "fast",
              "pass": true,
              "fail": false,
              "pending": false,
              "context": null,
              "code": "// The command \"closest()\" is used to validate the closest ancestor DOM element. It returns a new set of DOM elements that are the closest ancestors of the original set of elements.\n// In this example we are getting the closest ancestor of the class \"traversal-badge\" (which is an unordered list) and then we are asserting that the closest ancestor is a \"ul\" element and has the class \"list-group\".\ncy.get(\".traversal-badge\").closest(\"ul\").should(\"have.class\", \"list-group\");",
              "err": {},
              "uuid": "30027d7a-4e4a-439f-98d0-16d226b68e0b",
              "parentUUID": "cbb39198-ac24-4bcb-86c4-13b61257c013",
              "isHook": false,
              "skipped": false
            },
            {
              "title": "eq() to retrieve a specific element based on index",
              "fullTitle": "Traversing DOM elements in Cypress eq() to retrieve a specific element based on index",
              "timedOut": null,
              "duration": 632,
              "state": "passed",
              "speed": "fast",
              "pass": true,
              "fail": false,
              "pending": false,
              "context": null,
              "code": "// The command \"eq()\" is used to retrieve a specific element based on index. It returns a new set of DOM elements that are the element at the specified index in the original set of elements.\n// In this example we are getting all the children of the class \"traversal-drinks-list\" and then we are asserting that the element at index 2 (using the command \"eq(2)\") contains the text \"Milk\".\ncy.get(\".traversal-drinks-list > *\").eq(2).should(\"contain\", \"Milk\");",
              "err": {},
              "uuid": "629fb5ae-7ac9-4357-8611-f35eb42783f4",
              "parentUUID": "cbb39198-ac24-4bcb-86c4-13b61257c013",
              "isHook": false,
              "skipped": false
            },
            {
              "title": "filter() to retrieve DOM elements that match a specific selector",
              "fullTitle": "Traversing DOM elements in Cypress filter() to retrieve DOM elements that match a specific selector",
              "timedOut": null,
              "duration": 655,
              "state": "passed",
              "speed": "fast",
              "pass": true,
              "fail": false,
              "pending": false,
              "context": null,
              "code": "// The command \"filter()\" is used to retrieve DOM elements that match a specific selector. It returns a new set of DOM elements that are the elements in the original set of elements that match the specified selector.\n// In this example we are getting all the children of the class \"btn-group-toggle\" and then we are asserting that the child with the class \"active\" contains the text \"Button-1\".\ncy.get(\".btn-group-toggle > *\").filter(\".active\").should(\"contain\", \"Button-1\");",
              "err": {},
              "uuid": "0c21a3d9-7e05-49b6-a853-1d624582c555",
              "parentUUID": "cbb39198-ac24-4bcb-86c4-13b61257c013",
              "isHook": false,
              "skipped": false
            },
            {
              "title": "find() to retrieve DOM elements of a given selector",
              "fullTitle": "Traversing DOM elements in Cypress find() to retrieve DOM elements of a given selector",
              "timedOut": null,
              "duration": 668,
              "state": "passed",
              "speed": "fast",
              "pass": true,
              "fail": false,
              "pending": false,
              "context": null,
              "code": "// The command \"find()\" is used to retrieve DOM elements of a given selector. It returns a new set of DOM elements that are the descendants of the original set of elements that match the specified selector.\n// In this example we are getting the element with the class \"traversal-pagination\" and then we are finding all the \"li\" elements that are descendants of it and then we are finding all the \"a\" elements that are descendants of the \"li\" elements and then we are asserting that there are 7 \"a\" elements.\ncy.get(\".traversal-pagination\").find(\"li\").find(\"a\").should(\"have.length\", 7);",
              "err": {},
              "uuid": "4f060450-770a-4ad6-938e-5c47985cac32",
              "parentUUID": "cbb39198-ac24-4bcb-86c4-13b61257c013",
              "isHook": false,
              "skipped": false
            },
            {
              "title": "first() to retrieve the first DOM element within elements ",
              "fullTitle": "Traversing DOM elements in Cypress first() to retrieve the first DOM element within elements ",
              "timedOut": null,
              "duration": 643,
              "state": "passed",
              "speed": "fast",
              "pass": true,
              "fail": false,
              "pending": false,
              "context": null,
              "code": "// The command \"first()\" is used to retrieve the first DOM element within elements. It returns a new set of DOM elements that are the first element in the original set of elements.\n// In this example we are getting all the \"td\" elements that are descendants of the \"tr\" elements that are descendants of the \"tbody\" element that is a descendant of the element with the class \"traversal-table\" and then we are asserting that the first \"td\" element contains the text \"Andy\".\ncy.get(\".traversal-table > tbody > tr > td\").first().should(\"contain\", \"Andy\");",
              "err": {},
              "uuid": "d57ced00-0e58-4aea-b4f2-79846294ac83",
              "parentUUID": "cbb39198-ac24-4bcb-86c4-13b61257c013",
              "isHook": false,
              "skipped": false
            },
            {
              "title": "last() to retrieve the last DOM element within elements",
              "fullTitle": "Traversing DOM elements in Cypress last() to retrieve the last DOM element within elements",
              "timedOut": null,
              "duration": 622,
              "state": "passed",
              "speed": "fast",
              "pass": true,
              "fail": false,
              "pending": false,
              "context": null,
              "code": "// The command \"last()\" is used to retrieve the last DOM element within elements. It returns a new set of DOM elements that are the last element in the original set of elements.\n// In this example we are getting all the \"td\" elements that are descendants of the \"tr\" elements that are descendants of the \"tbody\" element that is a descendant of the element with the class \"traversal-table\" and then we are asserting that the last \"td\" element contains the text \"Scott\".\ncy.get(\".traversal-table > tbody > tr > td\").last().should(\"contain\", \"Scott\");",
              "err": {},
              "uuid": "04ccb2db-9413-47dc-936e-84b098117b5c",
              "parentUUID": "cbb39198-ac24-4bcb-86c4-13b61257c013",
              "isHook": false,
              "skipped": false
            },
            {
              "title": "nextAll() to get all of the next sibling DOM elements within elements",
              "fullTitle": "Traversing DOM elements in Cypress nextAll() to get all of the next sibling DOM elements within elements",
              "timedOut": null,
              "duration": 645,
              "state": "passed",
              "speed": "fast",
              "pass": true,
              "fail": false,
              "pending": false,
              "context": null,
              "code": "// The command \"nextAll()\" is used to get all of the next sibling DOM elements within elements. It returns a new set of DOM elements that are the next siblings of the original set of elements.\n// In this example we are getting the element with the class \"traversal-drinks-list\" and then we are finding the element that contains the text \"Tea\" and then we are getting all the next siblings of that element and then we are asserting that there are 3 next siblings.\ncy.get(\".traversal-drinks-list\").contains(\"Tea\").nextAll().should(\"have.length\", \"3\");",
              "err": {},
              "uuid": "55804a0c-5e5a-4628-bd12-10a0c6d93c6b",
              "parentUUID": "cbb39198-ac24-4bcb-86c4-13b61257c013",
              "isHook": false,
              "skipped": false
            },
            {
              "title": "nextUntil() to get all of the next sibling DOM elements within elements until another element",
              "fullTitle": "Traversing DOM elements in Cypress nextUntil() to get all of the next sibling DOM elements within elements until another element",
              "timedOut": null,
              "duration": 627,
              "state": "passed",
              "speed": "fast",
              "pass": true,
              "fail": false,
              "pending": false,
              "context": null,
              "code": "// The command \"nextUntil()\" is used to get all of the next sibling DOM elements within elements until another element. It returns a new set of DOM elements that are the next siblings of the original set of elements until the specified element is reached.\n// In this example we are getting the element with the id \"coffee\" and then we are getting all the next siblings of that element until we reach the element with the id \"milk\" and then we are asserting that there is 1 next sibling between those two elements.\ncy.get(\"#coffee\").nextUntil(\"#milk\").should(\"have.length\", \"1\");",
              "err": {},
              "uuid": "60fe6b6c-23a0-4d98-b5ba-6f12b14fc4a1",
              "parentUUID": "cbb39198-ac24-4bcb-86c4-13b61257c013",
              "isHook": false,
              "skipped": false
            },
            {
              "title": "not() to remove DOM element(s) from the set of elements",
              "fullTitle": "Traversing DOM elements in Cypress not() to remove DOM element(s) from the set of elements",
              "timedOut": null,
              "duration": 622,
              "state": "passed",
              "speed": "fast",
              "pass": true,
              "fail": false,
              "pending": false,
              "context": null,
              "code": "// The command \"not()\" is used to remove DOM element(s) from the set of elements. It returns a new set of DOM elements that are the elements in the original set of elements that do not match the specified selector.\n// In this example we are getting all the \"button\" elements that are children of the element with the class \"traversal-button-states\" and then we are removing the \"button\" elements that have the class \"disabled\" and then we are asserting that the remaining \"button\" elements do not have the class \"disabled\".\ncy.get(\".traversal-button-states > button\").not(\".disabled\").should(\"not.have.class\", \"disabled\");",
              "err": {},
              "uuid": "1305de20-a30b-4ca0-b998-63b6b65dff77",
              "parentUUID": "cbb39198-ac24-4bcb-86c4-13b61257c013",
              "isHook": false,
              "skipped": false
            },
            {
              "title": "parent() To get parent DOM element of elements",
              "fullTitle": "Traversing DOM elements in Cypress parent() To get parent DOM element of elements",
              "timedOut": null,
              "duration": 656,
              "state": "passed",
              "speed": "fast",
              "pass": true,
              "fail": false,
              "pending": false,
              "context": null,
              "code": "// The command \"parent()\" is used to get the parent DOM element of elements. It returns a new set of DOM elements that are the parent of the original set of elements.\n// In this example we are getting the element with the class \"traversal-mark\" and then we are getting its parent element and then we are asserting that the parent element contains the text \"Lorem ipsum dolor sit amet\".\ncy.get(\".traversal-mark\").parent().should(\"contain\", \"Lorem ipsum dolor sit amet\");",
              "err": {},
              "uuid": "16e6b9de-af4f-4995-ae09-70412b0da213",
              "parentUUID": "cbb39198-ac24-4bcb-86c4-13b61257c013",
              "isHook": false,
              "skipped": false
            },
            {
              "title": "parents() to get parents DOM element of elements",
              "fullTitle": "Traversing DOM elements in Cypress parents() to get parents DOM element of elements",
              "timedOut": null,
              "duration": 628,
              "state": "passed",
              "speed": "fast",
              "pass": true,
              "fail": false,
              "pending": false,
              "context": null,
              "code": "// The command \"parents()\" is used to get the parents DOM element of elements. It returns a new set of DOM elements that are the parents of the original set of elements.\n// In this example we are getting the element with the class \"traversal-citie\" and then we are getting all its parent elements and then we are asserting that one of the parent elements is a \"blockquote\" element.\ncy.get(\".traversal-cite\").parents().should(\"match\", \"blockquote\");",
              "err": {},
              "uuid": "88528eec-5713-4acb-b926-0ed9fcf1667e",
              "parentUUID": "cbb39198-ac24-4bcb-86c4-13b61257c013",
              "isHook": false,
              "skipped": false
            },
            {
              "title": "prev() to get the previous sibling DOM element within elements",
              "fullTitle": "Traversing DOM elements in Cypress prev() to get the previous sibling DOM element within elements",
              "timedOut": null,
              "duration": 680,
              "state": "passed",
              "speed": "fast",
              "pass": true,
              "fail": false,
              "pending": false,
              "context": null,
              "code": "// The command \"prev()\" is used to get the previous sibling DOM element within elements. It returns a new set of DOM elements that are the previous sibling of the original set of elements.\n// In this example we are getting the element with the id \"sugar\" and then we are getting its previous sibling element and then we are asserting that the previous sibling element contains the text \"Espresso\".\ncy.get(\"#sugar\").prev().should(\"contain\", \"Espresso\");",
              "err": {},
              "uuid": "dc580516-9d63-46d2-8c8d-365876c141cf",
              "parentUUID": "cbb39198-ac24-4bcb-86c4-13b61257c013",
              "isHook": false,
              "skipped": false
            },
            {
              "title": "prevAll() to get all previous sibling DOM elements within elements",
              "fullTitle": "Traversing DOM elements in Cypress prevAll() to get all previous sibling DOM elements within elements",
              "timedOut": null,
              "duration": 665,
              "state": "passed",
              "speed": "fast",
              "pass": true,
              "fail": false,
              "pending": false,
              "context": null,
              "code": "// The command \"prevAll()\" is used to get all previous sibling DOM elements within elements. It returns a new set of DOM elements that are the previous siblings of the original set of elements.\n// In this example we are getting the element with the class \"sales\" and then we are getting all its previous sibling elements and then we are asserting that there are 2 previous sibling elements.\ncy.get(\".sales\").prevAll().should(\"have.length\", \"2\");",
              "err": {},
              "uuid": "fbbfd257-de20-4f59-b859-2ca963b5858a",
              "parentUUID": "cbb39198-ac24-4bcb-86c4-13b61257c013",
              "isHook": false,
              "skipped": false
            },
            {
              "title": "prevUntil() to get all previous sibling DOM elements within elements until other element",
              "fullTitle": "Traversing DOM elements in Cypress prevUntil() to get all previous sibling DOM elements within elements until other element",
              "timedOut": null,
              "duration": 662,
              "state": "passed",
              "speed": "fast",
              "pass": true,
              "fail": false,
              "pending": false,
              "context": null,
              "code": "// The command \"prevUntil()\" is used to get all previous sibling DOM elements within elements until other element. It returns a new set of DOM elements that are the previous siblings of the original set of elements until the specified element is reached.\n// In this example we are getting the element with the id \"veggie\" and then we are getting all its previous sibling elements until we reach the element with the id \"fruits\" and then we are asserting that there are 2 previous sibling elements between those two elements.\ncy.get(\"#veggie\").prevUntil(\"#fruits\").should(\"have.length\", \"5\");",
              "err": {},
              "uuid": "d55cc2c3-ff37-4da3-b282-25f0f14791fd",
              "parentUUID": "cbb39198-ac24-4bcb-86c4-13b61257c013",
              "isHook": false,
              "skipped": false
            },
            {
              "title": "siblings() To get all sibling DOM elements of elements",
              "fullTitle": "Traversing DOM elements in Cypress siblings() To get all sibling DOM elements of elements",
              "timedOut": null,
              "duration": 629,
              "state": "passed",
              "speed": "fast",
              "pass": true,
              "fail": false,
              "pending": false,
              "context": null,
              "code": "// The command \"siblings()\" is used to get all sibling DOM elements of elements. It returns a new set of DOM elements that are the siblings of the original set of elements.\n// In this example we are getting the element with the class \"traversal-button-other-states\" and then we are getting all its sibling elements and then we are asserting that there are 3 sibling elements.\ncy.get(\".traversal-button-other-states .active\").siblings().should(\"have.length\", \"3\");",
              "err": {},
              "uuid": "e670ac90-b9e8-43a9-b4a1-f69b1f81e5cc",
              "parentUUID": "cbb39198-ac24-4bcb-86c4-13b61257c013",
              "isHook": false,
              "skipped": false
            }
          ],
          "suites": [],
          "passes": [
            "4be5ec2f-b478-4fe9-9fbf-a7c01aa1e650",
            "30027d7a-4e4a-439f-98d0-16d226b68e0b",
            "629fb5ae-7ac9-4357-8611-f35eb42783f4",
            "0c21a3d9-7e05-49b6-a853-1d624582c555",
            "4f060450-770a-4ad6-938e-5c47985cac32",
            "d57ced00-0e58-4aea-b4f2-79846294ac83",
            "04ccb2db-9413-47dc-936e-84b098117b5c",
            "55804a0c-5e5a-4628-bd12-10a0c6d93c6b",
            "60fe6b6c-23a0-4d98-b5ba-6f12b14fc4a1",
            "1305de20-a30b-4ca0-b998-63b6b65dff77",
            "16e6b9de-af4f-4995-ae09-70412b0da213",
            "88528eec-5713-4acb-b926-0ed9fcf1667e",
            "dc580516-9d63-46d2-8c8d-365876c141cf",
            "fbbfd257-de20-4f59-b859-2ca963b5858a",
            "d55cc2c3-ff37-4da3-b282-25f0f14791fd",
            "e670ac90-b9e8-43a9-b4a1-f69b1f81e5cc"
          ],
          "failures": [],
          "pending": [],
          "skipped": [],
          "duration": 13160,
          "root": false,
          "rootEmpty": false,
          "_timeout": 2000
        }
      ],
      "passes": [],
      "failures": [],
      "pending": [],
      "skipped": [],
      "duration": 0,
      "root": true,
      "rootEmpty": true,
      "_timeout": 2000
    }
  ],
  "meta": {
    "mocha": {
      "version": "7.2.0"
    },
    "mochawesome": {
      "options": {
        "quiet": false,
        "reportFilename": "mochawesome",
        "saveHtml": false,
        "saveJson": true,
        "consoleReporter": "spec",
        "useInlineDiffs": false,
        "code": true
      },
      "version": "7.1.4"
    },
    "marge": {
      "options": {
        "id": "default",
        "reportDir": "cypress/results/mochawesome",
        "quite": true,
        "overwrite": false,
        "html": false,
        "json": true
      },
      "version": "6.3.2"
    }
  }
}