{
  "stats": {
    "suites": 1,
    "tests": 2,
    "passes": 2,
    "pending": 0,
    "failures": 0,
    "start": "2026-02-12T23:06:14.055Z",
    "end": "2026-02-12T23:06:17.281Z",
    "duration": 3226,
    "testsRegistered": 2,
    "passPercent": 100,
    "pendingPercent": 0,
    "other": 0,
    "hasOther": false,
    "skipped": 0,
    "hasSkipped": false
  },
  "results": [
    {
      "uuid": "a6ffb651-f1da-4f4b-a7da-04f73cba1eb3",
      "title": "",
      "fullFile": "cypress\\e2e\\webdriver-uni\\radio-buttons.js",
      "file": "cypress\\e2e\\webdriver-uni\\radio-buttons.js",
      "beforeHooks": [],
      "afterHooks": [],
      "tests": [],
      "suites": [
        {
          "uuid": "27168a44-d521-4025-a9e1-8f0d65171861",
          "title": "Verify radio buttons via webdriveruni",
          "fullFile": "",
          "file": "",
          "beforeHooks": [],
          "afterHooks": [],
          "tests": [
            {
              "title": "Check specific radio buttons",
              "fullTitle": "Verify radio buttons via webdriveruni Check specific radio buttons",
              "timedOut": null,
              "duration": 2435,
              "state": "passed",
              "speed": "fast",
              "pass": true,
              "fail": false,
              "pending": false,
              "context": null,
              "code": "cy.get(\"input[type='radio']\").first().check();\ncy.get(\"input[type='radio']\").eq(1).check();",
              "err": {},
              "uuid": "636ae2da-f9cd-4dc9-b67c-f8dec7211cc2",
              "parentUUID": "27168a44-d521-4025-a9e1-8f0d65171861",
              "isHook": false,
              "skipped": false
            },
            {
              "title": "Check specific radio buttons and validate",
              "fullTitle": "Verify radio buttons via webdriveruni Check specific radio buttons and validate",
              "timedOut": null,
              "duration": 716,
              "state": "passed",
              "speed": "fast",
              "pass": true,
              "fail": false,
              "pending": false,
              "context": null,
              "code": "cy.get(\"[value='lettuce']\").should(\"not.be.checked\");\ncy.get(\"[value='pumpkin']\").should(\"be.checked\");\ncy.get(\"[value='lettuce']\").check().should(\"be.checked\");\ncy.get(\"[value='pumpkin']\").should(\"not.be.checked\");\ncy.get(\"[value='cabbage']\").should(\"be.disabled\");",
              "err": {},
              "uuid": "b2f02da7-b51b-4c94-a9ec-576613814572",
              "parentUUID": "27168a44-d521-4025-a9e1-8f0d65171861",
              "isHook": false,
              "skipped": false
            }
          ],
          "suites": [],
          "passes": [
            "636ae2da-f9cd-4dc9-b67c-f8dec7211cc2",
            "b2f02da7-b51b-4c94-a9ec-576613814572"
          ],
          "failures": [],
          "pending": [],
          "skipped": [],
          "duration": 3151,
          "root": false,
          "rootEmpty": false,
          "_timeout": 2000
        }
      ],
      "passes": [],
      "failures": [],
      "pending": [],
      "skipped": [],
      "duration": 0,
      "root": true,
      "rootEmpty": true,
      "_timeout": 2000
    }
  ],
  "meta": {
    "mocha": {
      "version": "7.2.0"
    },
    "mochawesome": {
      "options": {
        "quiet": false,
        "reportFilename": "mochawesome",
        "saveHtml": false,
        "saveJson": true,
        "consoleReporter": "spec",
        "useInlineDiffs": false,
        "code": true
      },
      "version": "7.1.4"
    },
    "marge": {
      "options": {
        "id": "default",
        "reportDir": "cypress/results/mochawesome",
        "quite": true,
        "overwrite": false,
        "html": false,
        "json": true
      },
      "version": "6.3.2"
    }
  }
}