<?xml version="1.0" encoding="UTF-8"?>
<testsuites name="Mocha Tests" time="0.121" tests="2" failures="0">
  <testsuite name="Root Suite" timestamp="2026-02-12T23:31:08" tests="0" file="cypress\e2e\other\hooks.js" time="0.000" failures="0">
  </testsuite>
  <testsuite name="Hooks" timestamp="2026-02-12T23:31:08" tests="2" time="0.120" failures="0">
    <testcase name="Hooks Example test1" time="0.058" classname="Example test1">
    </testcase>
    <testcase name="Hooks Example test2" time="0.015" classname="Example test2">
    </testcase>
  </testsuite>
</testsuites>