<?xml version="1.0" encoding="UTF-8"?>
<testsuites name="Mocha Tests" time="17.422" tests="3" failures="0">
  <testsuite name="Root Suite" timestamp="2026-02-12T23:27:51" tests="0" file="cypress\e2e\automation-test-store\alias-invoke.js" time="0.000" failures="0">
  </testsuite>
  <testsuite name="Alias and invoke" timestamp="2026-02-12T23:27:51" tests="3" time="17.421" failures="0">
    <testcase name="Alias and invoke Validate a specific hair product" time="8.597" classname="Validate a specific hair product">
    </testcase>
    <testcase name="Alias and invoke Validate product thumbnail" time="3.989" classname="Validate product thumbnail">
    </testcase>
    <testcase name="Alias and invoke Calculate total of sale and normal products" time="1.775" classname="Calculate total of sale and normal products">
    </testcase>
  </testsuite>
</testsuites>