<?xml version="1.0" encoding="UTF-8"?>
<testsuites name="Mocha Tests" time="15.183" tests="1" failures="0">
  <testsuite name="Root Suite" timestamp="2026-02-12T23:27:34" tests="0" file="cypress\e2e\automation-test-store\add-multiple-itens-to-basket.js" time="0.000" failures="0">
  </testsuite>
  <testsuite name="Add multiple itens to basket" timestamp="2026-02-12T23:27:34" tests="1" time="15.177" failures="0">
    <testcase name="Add multiple itens to basket Add specific itens to basket" time="11.217" classname="Add specific itens to basket">
    </testcase>
  </testsuite>
</testsuites>