<?xml version="1.0" encoding="UTF-8"?>
<testsuites name="Mocha Tests" time="16.652" tests="3" failures="0">
  <testsuite name="Root Suite" timestamp="2026-02-12T23:28:55" tests="0" file="cypress\e2e\automation-test-store\iterate-over-elements.js" time="0.000" failures="0">
  </testsuite>
  <testsuite name="Iterate over elements" timestamp="2026-02-12T23:28:55" tests="3" time="16.652" failures="0">
    <testcase name="Iterate over elements Log information of all hair care products" time="6.050" classname="Log information of all hair care products">
    </testcase>
    <testcase name="Iterate over elements Add specific product to basket" time="4.009" classname="Add specific product to basket">
    </testcase>
    <testcase name="Iterate over elements Add another specific product to basket" time="4.103" classname="Add another specific product to basket">
    </testcase>
  </testsuite>
</testsuites>